{"C:\\Users\\Dextosterone\\git\\MarsRobotChallenge\\next.config.mjs": {"path":"C:\\Users\\Dextosterone\\git\\MarsRobotChallenge\\next.config.mjs","all":true,"statementMap":{"0":{"start":{"line":1,"column":0},"end":{"line":1,"column":40}},"1":{"start":{"line":2,"column":0},"end":{"line":2,"column":20}},"2":{"start":{"line":3,"column":0},"end":{"line":3,"column":11}},"3":{"start":{"line":4,"column":0},"end":{"line":4,"column":29}},"4":{"start":{"line":5,"column":0},"end":{"line":5,"column":4}},"5":{"start":{"line":6,"column":0},"end":{"line":6,"column":15}},"6":{"start":{"line":7,"column":0},"end":{"line":7,"column":28}},"7":{"start":{"line":8,"column":0},"end":{"line":8,"column":4}},"8":{"start":{"line":9,"column":0},"end":{"line":9,"column":11}},"9":{"start":{"line":10,"column":0},"end":{"line":10,"column":22}},"10":{"start":{"line":11,"column":0},"end":{"line":11,"column":4}},"11":{"start":{"line":12,"column":0},"end":{"line":12,"column":1}},"13":{"start":{"line":14,"column":0},"end":{"line":14,"column":25}}},"s":{"0":0,"1":0,"2":0,"3":0,"4":0,"5":0,"6":0,"7":0,"8":0,"9":0,"10":0,"11":0,"13":0},"branchMap":{"0":{"type":"branch","line":1,"loc":{"start":{"line":1,"column":227},"end":{"line":14,"column":25}},"locations":[{"start":{"line":1,"column":227},"end":{"line":14,"column":25}}]}},"b":{"0":[0]},"fnMap":{"0":{"name":"(empty-report)","decl":{"start":{"line":1,"column":227},"end":{"line":14,"column":25}},"loc":{"start":{"line":1,"column":227},"end":{"line":14,"column":25}},"line":1}},"f":{"0":0}}
,"C:\\Users\\Dextosterone\\git\\MarsRobotChallenge\\postcss.config.mjs": {"path":"C:\\Users\\Dextosterone\\git\\MarsRobotChallenge\\postcss.config.mjs","all":true,"statementMap":{"0":{"start":{"line":1,"column":0},"end":{"line":1,"column":51}},"1":{"start":{"line":2,"column":0},"end":{"line":2,"column":16}},"2":{"start":{"line":3,"column":0},"end":{"line":3,"column":12}},"3":{"start":{"line":4,"column":0},"end":{"line":4,"column":20}},"4":{"start":{"line":5,"column":0},"end":{"line":5,"column":4}},"5":{"start":{"line":6,"column":0},"end":{"line":6,"column":2}},"7":{"start":{"line":8,"column":0},"end":{"line":8,"column":22}}},"s":{"0":0,"1":0,"2":0,"3":0,"4":0,"5":0,"7":0},"branchMap":{"0":{"type":"branch","line":1,"loc":{"start":{"line":1,"column":134},"end":{"line":8,"column":22}},"locations":[{"start":{"line":1,"column":134},"end":{"line":8,"column":22}}]}},"b":{"0":[0]},"fnMap":{"0":{"name":"(empty-report)","decl":{"start":{"line":1,"column":134},"end":{"line":8,"column":22}},"loc":{"start":{"line":1,"column":134},"end":{"line":8,"column":22}},"line":1}},"f":{"0":0}}
,"C:\\Users\\Dextosterone\\git\\MarsRobotChallenge\\tailwind.config.ts": {"path":"C:\\Users\\Dextosterone\\git\\MarsRobotChallenge\\tailwind.config.ts","all":true,"statementMap":{"0":{"start":{"line":1,"column":0},"end":{"line":1,"column":42}},"1":{"start":{"line":2,"column":0},"end":{"line":2,"column":0}},"2":{"start":{"line":3,"column":0},"end":{"line":3,"column":62}},"3":{"start":{"line":4,"column":0},"end":{"line":4,"column":0}},"4":{"start":{"line":5,"column":0},"end":{"line":5,"column":24}},"5":{"start":{"line":6,"column":0},"end":{"line":6,"column":24}},"6":{"start":{"line":7,"column":0},"end":{"line":7,"column":14}},"7":{"start":{"line":8,"column":0},"end":{"line":8,"column":39}},"8":{"start":{"line":9,"column":0},"end":{"line":9,"column":44}},"9":{"start":{"line":10,"column":0},"end":{"line":10,"column":37}},"10":{"start":{"line":11,"column":0},"end":{"line":11,"column":27}},"11":{"start":{"line":12,"column":0},"end":{"line":12,"column":4}},"12":{"start":{"line":13,"column":0},"end":{"line":13,"column":10}},"13":{"start":{"line":14,"column":0},"end":{"line":14,"column":12}},"14":{"start":{"line":15,"column":0},"end":{"line":15,"column":13}},"15":{"start":{"line":16,"column":0},"end":{"line":16,"column":42}},"16":{"start":{"line":17,"column":0},"end":{"line":17,"column":42}},"17":{"start":{"line":18,"column":0},"end":{"line":18,"column":12}},"18":{"start":{"line":19,"column":0},"end":{"line":19,"column":34}},"19":{"start":{"line":20,"column":0},"end":{"line":20,"column":47}},"20":{"start":{"line":21,"column":0},"end":{"line":21,"column":7}},"21":{"start":{"line":22,"column":0},"end":{"line":22,"column":15}},"22":{"start":{"line":23,"column":0},"end":{"line":23,"column":37}},"23":{"start":{"line":24,"column":0},"end":{"line":24,"column":50}},"24":{"start":{"line":25,"column":0},"end":{"line":25,"column":7}},"25":{"start":{"line":26,"column":0},"end":{"line":26,"column":15}},"26":{"start":{"line":27,"column":0},"end":{"line":27,"column":37}},"27":{"start":{"line":28,"column":0},"end":{"line":28,"column":50}},"28":{"start":{"line":29,"column":0},"end":{"line":29,"column":7}},"29":{"start":{"line":30,"column":0},"end":{"line":30,"column":17}},"30":{"start":{"line":31,"column":0},"end":{"line":31,"column":39}},"31":{"start":{"line":32,"column":0},"end":{"line":32,"column":52}},"32":{"start":{"line":33,"column":0},"end":{"line":33,"column":7}},"33":{"start":{"line":34,"column":0},"end":{"line":34,"column":13}},"34":{"start":{"line":35,"column":0},"end":{"line":35,"column":35}},"35":{"start":{"line":36,"column":0},"end":{"line":36,"column":48}},"36":{"start":{"line":37,"column":0},"end":{"line":37,"column":7}},"37":{"start":{"line":38,"column":0},"end":{"line":38,"column":14}},"38":{"start":{"line":39,"column":0},"end":{"line":39,"column":36}},"39":{"start":{"line":40,"column":0},"end":{"line":40,"column":49}},"40":{"start":{"line":41,"column":0},"end":{"line":41,"column":7}},"41":{"start":{"line":42,"column":0},"end":{"line":42,"column":19}},"42":{"start":{"line":43,"column":0},"end":{"line":43,"column":41}},"43":{"start":{"line":44,"column":0},"end":{"line":44,"column":54}},"44":{"start":{"line":45,"column":0},"end":{"line":45,"column":7}},"45":{"start":{"line":46,"column":0},"end":{"line":46,"column":34}},"46":{"start":{"line":47,"column":0},"end":{"line":47,"column":32}},"47":{"start":{"line":48,"column":0},"end":{"line":48,"column":30}},"48":{"start":{"line":49,"column":0},"end":{"line":49,"column":13}},"49":{"start":{"line":50,"column":0},"end":{"line":50,"column":33}},"50":{"start":{"line":51,"column":0},"end":{"line":51,"column":33}},"51":{"start":{"line":52,"column":0},"end":{"line":52,"column":33}},"52":{"start":{"line":53,"column":0},"end":{"line":53,"column":33}},"53":{"start":{"line":54,"column":0},"end":{"line":54,"column":32}},"54":{"start":{"line":55,"column":0},"end":{"line":55,"column":7}},"55":{"start":{"line":56,"column":0},"end":{"line":56,"column":15}},"56":{"start":{"line":57,"column":0},"end":{"line":57,"column":48}},"57":{"start":{"line":58,"column":0},"end":{"line":58,"column":51}},"58":{"start":{"line":59,"column":0},"end":{"line":59,"column":45}},"59":{"start":{"line":60,"column":0},"end":{"line":60,"column":69}},"60":{"start":{"line":61,"column":0},"end":{"line":61,"column":43}},"61":{"start":{"line":62,"column":0},"end":{"line":62,"column":67}},"62":{"start":{"line":63,"column":0},"end":{"line":63,"column":43}},"63":{"start":{"line":64,"column":0},"end":{"line":64,"column":38}},"64":{"start":{"line":65,"column":0},"end":{"line":65,"column":6}},"65":{"start":{"line":66,"column":0},"end":{"line":66,"column":6}},"66":{"start":{"line":67,"column":0},"end":{"line":67,"column":19}},"67":{"start":{"line":68,"column":0},"end":{"line":68,"column":25}},"68":{"start":{"line":69,"column":0},"end":{"line":69,"column":37}},"69":{"start":{"line":70,"column":0},"end":{"line":70,"column":36}},"70":{"start":{"line":71,"column":0},"end":{"line":71,"column":6}},"71":{"start":{"line":72,"column":0},"end":{"line":72,"column":16}},"72":{"start":{"line":73,"column":0},"end":{"line":73,"column":24}},"73":{"start":{"line":74,"column":0},"end":{"line":74,"column":13}},"74":{"start":{"line":75,"column":0},"end":{"line":75,"column":18}},"75":{"start":{"line":76,"column":0},"end":{"line":76,"column":8}},"76":{"start":{"line":77,"column":0},"end":{"line":77,"column":11}},"77":{"start":{"line":78,"column":0},"end":{"line":78,"column":54}},"78":{"start":{"line":79,"column":0},"end":{"line":79,"column":7}},"79":{"start":{"line":80,"column":0},"end":{"line":80,"column":7}},"80":{"start":{"line":81,"column":0},"end":{"line":81,"column":22}},"81":{"start":{"line":82,"column":0},"end":{"line":82,"column":13}},"82":{"start":{"line":83,"column":0},"end":{"line":83,"column":54}},"83":{"start":{"line":84,"column":0},"end":{"line":84,"column":8}},"84":{"start":{"line":85,"column":0},"end":{"line":85,"column":11}},"85":{"start":{"line":86,"column":0},"end":{"line":86,"column":18}},"86":{"start":{"line":87,"column":0},"end":{"line":87,"column":7}},"87":{"start":{"line":88,"column":0},"end":{"line":88,"column":6}},"88":{"start":{"line":89,"column":0},"end":{"line":89,"column":6}},"89":{"start":{"line":90,"column":0},"end":{"line":90,"column":16}},"90":{"start":{"line":91,"column":0},"end":{"line":91,"column":54}},"91":{"start":{"line":92,"column":0},"end":{"line":92,"column":49}},"92":{"start":{"line":93,"column":0},"end":{"line":93,"column":5}},"93":{"start":{"line":94,"column":0},"end":{"line":94,"column":4}},"94":{"start":{"line":95,"column":0},"end":{"line":95,"column":4}},"95":{"start":{"line":96,"column":0},"end":{"line":96,"column":44}},"96":{"start":{"line":97,"column":0},"end":{"line":97,"column":2}},"97":{"start":{"line":98,"column":0},"end":{"line":98,"column":22}}},"s":{"0":0,"1":0,"2":0,"3":0,"4":0,"5":0,"6":0,"7":0,"8":0,"9":0,"10":0,"11":0,"12":0,"13":0,"14":0,"15":0,"16":0,"17":0,"18":0,"19":0,"20":0,"21":0,"22":0,"23":0,"24":0,"25":0,"26":0,"27":0,"28":0,"29":0,"30":0,"31":0,"32":0,"33":0,"34":0,"35":0,"36":0,"37":0,"38":0,"39":0,"40":0,"41":0,"42":0,"43":0,"44":0,"45":0,"46":0,"47":0,"48":0,"49":0,"50":0,"51":0,"52":0,"53":0,"54":0,"55":0,"56":0,"57":0,"58":0,"59":0,"60":0,"61":0,"62":0,"63":0,"64":0,"65":0,"66":0,"67":0,"68":0,"69":0,"70":0,"71":0,"72":0,"73":0,"74":0,"75":0,"76":0,"77":0,"78":0,"79":0,"80":0,"81":0,"82":0,"83":0,"84":0,"85":0,"86":0,"87":0,"88":0,"89":0,"90":0,"91":0,"92":0,"93":0,"94":0,"95":0,"96":0,"97":0},"branchMap":{"0":{"type":"branch","line":1,"loc":{"start":{"line":1,"column":0},"end":{"line":98,"column":22}},"locations":[{"start":{"line":1,"column":0},"end":{"line":98,"column":22}}]}},"b":{"0":[0]},"fnMap":{"0":{"name":"(empty-report)","decl":{"start":{"line":1,"column":0},"end":{"line":98,"column":22}},"loc":{"start":{"line":1,"column":0},"end":{"line":98,"column":22}},"line":1}},"f":{"0":0}}
,"C:\\Users\\Dextosterone\\git\\MarsRobotChallenge\\app\\layout.tsx": {"path":"C:\\Users\\Dextosterone\\git\\MarsRobotChallenge\\app\\layout.tsx","all":true,"statementMap":{"0":{"start":{"line":1,"column":0},"end":{"line":1,"column":37}},"1":{"start":{"line":2,"column":0},"end":{"line":2,"column":44}},"2":{"start":{"line":3,"column":0},"end":{"line":3,"column":44}},"3":{"start":{"line":4,"column":0},"end":{"line":4,"column":23}},"4":{"start":{"line":5,"column":0},"end":{"line":5,"column":0}},"5":{"start":{"line":6,"column":0},"end":{"line":6,"column":35}},"6":{"start":{"line":7,"column":0},"end":{"line":7,"column":18}},"7":{"start":{"line":8,"column":0},"end":{"line":8,"column":33}},"8":{"start":{"line":9,"column":0},"end":{"line":9,"column":22}},"9":{"start":{"line":10,"column":0},"end":{"line":10,"column":2}},"10":{"start":{"line":11,"column":0},"end":{"line":11,"column":0}},"11":{"start":{"line":12,"column":0},"end":{"line":12,"column":36}},"12":{"start":{"line":13,"column":0},"end":{"line":13,"column":11}},"13":{"start":{"line":14,"column":0},"end":{"line":14,"column":13}},"14":{"start":{"line":15,"column":0},"end":{"line":15,"column":28}},"15":{"start":{"line":16,"column":0},"end":{"line":16,"column":5}},"16":{"start":{"line":17,"column":0},"end":{"line":17,"column":10}},"17":{"start":{"line":18,"column":0},"end":{"line":18,"column":20}},"18":{"start":{"line":19,"column":0},"end":{"line":19,"column":12}},"19":{"start":{"line":20,"column":0},"end":{"line":20,"column":17}},"20":{"start":{"line":21,"column":0},"end":{"line":21,"column":16}},"21":{"start":{"line":22,"column":0},"end":{"line":22,"column":55}},"22":{"start":{"line":23,"column":0},"end":{"line":23,"column":47}},"23":{"start":{"line":24,"column":0},"end":{"line":24,"column":47}},"24":{"start":{"line":25,"column":0},"end":{"line":25,"column":11}},"25":{"start":{"line":26,"column":0},"end":{"line":26,"column":18}},"26":{"start":{"line":27,"column":0},"end":{"line":27,"column":13}},"27":{"start":{"line":28,"column":0},"end":{"line":28,"column":29}},"28":{"start":{"line":29,"column":0},"end":{"line":29,"column":11}},"29":{"start":{"line":30,"column":0},"end":{"line":30,"column":4}},"30":{"start":{"line":31,"column":0},"end":{"line":31,"column":1}}},"s":{"0":0,"1":0,"2":0,"3":0,"4":0,"5":0,"6":0,"7":0,"8":0,"9":0,"10":0,"11":0,"12":0,"13":0,"14":0,"15":0,"16":0,"17":0,"18":0,"19":0,"20":0,"21":0,"22":0,"23":0,"24":0,"25":0,"26":0,"27":0,"28":0,"29":0,"30":0},"branchMap":{"0":{"type":"branch","line":1,"loc":{"start":{"line":1,"column":0},"end":{"line":31,"column":1}},"locations":[{"start":{"line":1,"column":0},"end":{"line":31,"column":1}}]}},"b":{"0":[0]},"fnMap":{"0":{"name":"(empty-report)","decl":{"start":{"line":1,"column":0},"end":{"line":31,"column":1}},"loc":{"start":{"line":1,"column":0},"end":{"line":31,"column":1}},"line":1}},"f":{"0":0}}
,"C:\\Users\\Dextosterone\\git\\MarsRobotChallenge\\app\\page.tsx": {"path":"C:\\Users\\Dextosterone\\git\\MarsRobotChallenge\\app\\page.tsx","all":true,"statementMap":{"0":{"start":{"line":1,"column":0},"end":{"line":1,"column":12}},"1":{"start":{"line":2,"column":0},"end":{"line":2,"column":0}},"2":{"start":{"line":3,"column":0},"end":{"line":3,"column":32}},"3":{"start":{"line":4,"column":0},"end":{"line":4,"column":47}},"4":{"start":{"line":5,"column":0},"end":{"line":5,"column":51}},"5":{"start":{"line":6,"column":0},"end":{"line":6,"column":96}},"6":{"start":{"line":7,"column":0},"end":{"line":7,"column":45}},"7":{"start":{"line":8,"column":0},"end":{"line":8,"column":53}},"8":{"start":{"line":9,"column":0},"end":{"line":9,"column":0}},"9":{"start":{"line":10,"column":0},"end":{"line":10,"column":58}},"10":{"start":{"line":11,"column":0},"end":{"line":11,"column":20}},"11":{"start":{"line":12,"column":0},"end":{"line":12,"column":11}},"12":{"start":{"line":13,"column":0},"end":{"line":13,"column":11}},"13":{"start":{"line":14,"column":0},"end":{"line":14,"column":1}},"14":{"start":{"line":15,"column":0},"end":{"line":15,"column":0}},"15":{"start":{"line":16,"column":0},"end":{"line":16,"column":27}},"16":{"start":{"line":17,"column":0},"end":{"line":17,"column":20}},"17":{"start":{"line":18,"column":0},"end":{"line":18,"column":16}},"18":{"start":{"line":19,"column":0},"end":{"line":19,"column":1}},"19":{"start":{"line":20,"column":0},"end":{"line":20,"column":0}},"20":{"start":{"line":21,"column":0},"end":{"line":21,"column":22}},"21":{"start":{"line":22,"column":0},"end":{"line":22,"column":21}},"22":{"start":{"line":23,"column":0},"end":{"line":23,"column":17}},"23":{"start":{"line":24,"column":0},"end":{"line":24,"column":20}},"24":{"start":{"line":25,"column":0},"end":{"line":25,"column":34}},"25":{"start":{"line":26,"column":0},"end":{"line":26,"column":1}},"26":{"start":{"line":27,"column":0},"end":{"line":27,"column":0}},"27":{"start":{"line":28,"column":0},"end":{"line":28,"column":23}},"28":{"start":{"line":29,"column":0},"end":{"line":29,"column":26}},"29":{"start":{"line":30,"column":0},"end":{"line":30,"column":28}},"30":{"start":{"line":31,"column":0},"end":{"line":31,"column":17}},"31":{"start":{"line":32,"column":0},"end":{"line":32,"column":18}},"32":{"start":{"line":33,"column":0},"end":{"line":33,"column":22}},"33":{"start":{"line":34,"column":0},"end":{"line":34,"column":18}},"34":{"start":{"line":35,"column":0},"end":{"line":35,"column":3}},"35":{"start":{"line":36,"column":0},"end":{"line":36,"column":1}},"36":{"start":{"line":37,"column":0},"end":{"line":37,"column":0}},"37":{"start":{"line":38,"column":0},"end":{"line":38,"column":46}},"38":{"start":{"line":39,"column":0},"end":{"line":39,"column":26}},"39":{"start":{"line":40,"column":0},"end":{"line":40,"column":39}},"40":{"start":{"line":41,"column":0},"end":{"line":41,"column":54}},"41":{"start":{"line":42,"column":0},"end":{"line":42,"column":16}},"42":{"start":{"line":43,"column":0},"end":{"line":43,"column":35}},"43":{"start":{"line":44,"column":0},"end":{"line":44,"column":22}},"44":{"start":{"line":45,"column":0},"end":{"line":45,"column":33}},"45":{"start":{"line":46,"column":0},"end":{"line":46,"column":20}},"46":{"start":{"line":47,"column":0},"end":{"line":47,"column":3}},"47":{"start":{"line":48,"column":0},"end":{"line":48,"column":3}},"48":{"start":{"line":49,"column":0},"end":{"line":49,"column":0}},"49":{"start":{"line":50,"column":0},"end":{"line":50,"column":54}},"50":{"start":{"line":51,"column":0},"end":{"line":51,"column":64}},"51":{"start":{"line":52,"column":0},"end":{"line":52,"column":57}},"52":{"start":{"line":53,"column":0},"end":{"line":53,"column":47}},"53":{"start":{"line":54,"column":0},"end":{"line":54,"column":0}},"54":{"start":{"line":55,"column":0},"end":{"line":55,"column":72}},"55":{"start":{"line":56,"column":0},"end":{"line":56,"column":2}},"56":{"start":{"line":57,"column":0},"end":{"line":57,"column":38}},"57":{"start":{"line":58,"column":0},"end":{"line":58,"column":20}},"58":{"start":{"line":59,"column":0},"end":{"line":59,"column":18}},"59":{"start":{"line":60,"column":0},"end":{"line":60,"column":19}},"60":{"start":{"line":61,"column":0},"end":{"line":61,"column":0}},"61":{"start":{"line":62,"column":0},"end":{"line":62,"column":9}},"62":{"start":{"line":63,"column":0},"end":{"line":63,"column":55}},"63":{"start":{"line":64,"column":0},"end":{"line":64,"column":48}},"64":{"start":{"line":65,"column":0},"end":{"line":65,"column":26}},"65":{"start":{"line":66,"column":0},"end":{"line":66,"column":15}},"66":{"start":{"line":67,"column":0},"end":{"line":67,"column":34}},"67":{"start":{"line":68,"column":0},"end":{"line":68,"column":0}},"68":{"start":{"line":69,"column":0},"end":{"line":69,"column":53}},"69":{"start":{"line":70,"column":0},"end":{"line":70,"column":23}},"70":{"start":{"line":71,"column":0},"end":{"line":71,"column":18}},"71":{"start":{"line":72,"column":0},"end":{"line":72,"column":45}},"72":{"start":{"line":73,"column":0},"end":{"line":73,"column":10}},"73":{"start":{"line":74,"column":0},"end":{"line":74,"column":42}},"74":{"start":{"line":75,"column":0},"end":{"line":75,"column":8}},"75":{"start":{"line":76,"column":0},"end":{"line":76,"column":0}},"76":{"start":{"line":77,"column":0},"end":{"line":77,"column":25}},"77":{"start":{"line":78,"column":0},"end":{"line":78,"column":47}},"78":{"start":{"line":79,"column":0},"end":{"line":79,"column":63}},"79":{"start":{"line":80,"column":0},"end":{"line":80,"column":7}},"80":{"start":{"line":81,"column":0},"end":{"line":81,"column":0}},"81":{"start":{"line":82,"column":0},"end":{"line":82,"column":55}},"82":{"start":{"line":83,"column":0},"end":{"line":83,"column":23}},"83":{"start":{"line":84,"column":0},"end":{"line":84,"column":19}},"84":{"start":{"line":85,"column":0},"end":{"line":85,"column":72}},"85":{"start":{"line":86,"column":0},"end":{"line":86,"column":15}},"86":{"start":{"line":87,"column":0},"end":{"line":87,"column":23}},"87":{"start":{"line":88,"column":0},"end":{"line":88,"column":5}},"88":{"start":{"line":89,"column":0},"end":{"line":89,"column":3}},"89":{"start":{"line":90,"column":0},"end":{"line":90,"column":0}},"90":{"start":{"line":91,"column":0},"end":{"line":91,"column":101}},"91":{"start":{"line":92,"column":0},"end":{"line":92,"column":12}},"92":{"start":{"line":93,"column":0},"end":{"line":93,"column":60}},"93":{"start":{"line":94,"column":0},"end":{"line":94,"column":34}},"94":{"start":{"line":95,"column":0},"end":{"line":95,"column":74}},"95":{"start":{"line":96,"column":0},"end":{"line":96,"column":35}},"96":{"start":{"line":97,"column":0},"end":{"line":97,"column":86}},"97":{"start":{"line":98,"column":0},"end":{"line":98,"column":76}},"98":{"start":{"line":99,"column":0},"end":{"line":99,"column":108}},"99":{"start":{"line":100,"column":0},"end":{"line":100,"column":56}},"100":{"start":{"line":101,"column":0},"end":{"line":101,"column":37}},"101":{"start":{"line":102,"column":0},"end":{"line":102,"column":22}},"102":{"start":{"line":103,"column":0},"end":{"line":103,"column":20}},"103":{"start":{"line":104,"column":0},"end":{"line":104,"column":35}},"104":{"start":{"line":105,"column":0},"end":{"line":105,"column":108}},"105":{"start":{"line":106,"column":0},"end":{"line":106,"column":27}},"106":{"start":{"line":107,"column":0},"end":{"line":107,"column":47}},"107":{"start":{"line":108,"column":0},"end":{"line":108,"column":33}},"108":{"start":{"line":109,"column":0},"end":{"line":109,"column":55}},"109":{"start":{"line":110,"column":0},"end":{"line":110,"column":40}},"110":{"start":{"line":111,"column":0},"end":{"line":111,"column":52}},"111":{"start":{"line":112,"column":0},"end":{"line":112,"column":54}},"112":{"start":{"line":113,"column":0},"end":{"line":113,"column":21}},"113":{"start":{"line":114,"column":0},"end":{"line":114,"column":17}},"114":{"start":{"line":115,"column":0},"end":{"line":115,"column":41}},"115":{"start":{"line":116,"column":0},"end":{"line":116,"column":22}},"116":{"start":{"line":117,"column":0},"end":{"line":117,"column":15}},"117":{"start":{"line":118,"column":0},"end":{"line":118,"column":15}},"118":{"start":{"line":119,"column":0},"end":{"line":119,"column":16}},"119":{"start":{"line":120,"column":0},"end":{"line":120,"column":11}},"120":{"start":{"line":121,"column":0},"end":{"line":121,"column":12}},"121":{"start":{"line":122,"column":0},"end":{"line":122,"column":5}},"122":{"start":{"line":123,"column":0},"end":{"line":123,"column":3}},"123":{"start":{"line":124,"column":0},"end":{"line":124,"column":0}},"124":{"start":{"line":125,"column":0},"end":{"line":125,"column":118}},"125":{"start":{"line":126,"column":0},"end":{"line":126,"column":54}},"126":{"start":{"line":127,"column":0},"end":{"line":127,"column":34}},"127":{"start":{"line":128,"column":0},"end":{"line":128,"column":60}},"128":{"start":{"line":129,"column":0},"end":{"line":129,"column":105}},"129":{"start":{"line":130,"column":0},"end":{"line":130,"column":84}},"130":{"start":{"line":131,"column":0},"end":{"line":131,"column":8}},"131":{"start":{"line":132,"column":0},"end":{"line":132,"column":19}},"132":{"start":{"line":133,"column":0},"end":{"line":133,"column":7}},"133":{"start":{"line":134,"column":0},"end":{"line":134,"column":72}},"134":{"start":{"line":135,"column":0},"end":{"line":135,"column":0}},"135":{"start":{"line":136,"column":0},"end":{"line":136,"column":10}},"136":{"start":{"line":137,"column":0},"end":{"line":137,"column":53}},"137":{"start":{"line":138,"column":0},"end":{"line":138,"column":28}},"138":{"start":{"line":139,"column":0},"end":{"line":139,"column":83}},"139":{"start":{"line":140,"column":0},"end":{"line":140,"column":37}},"140":{"start":{"line":141,"column":0},"end":{"line":141,"column":110}},"141":{"start":{"line":142,"column":0},"end":{"line":142,"column":12}},"142":{"start":{"line":143,"column":0},"end":{"line":143,"column":12}},"143":{"start":{"line":144,"column":0},"end":{"line":144,"column":0}},"144":{"start":{"line":145,"column":0},"end":{"line":145,"column":61}},"145":{"start":{"line":146,"column":0},"end":{"line":146,"column":14}},"146":{"start":{"line":147,"column":0},"end":{"line":147,"column":22}},"147":{"start":{"line":148,"column":0},"end":{"line":148,"column":54}},"148":{"start":{"line":149,"column":0},"end":{"line":149,"column":113}},"149":{"start":{"line":150,"column":0},"end":{"line":150,"column":23}},"150":{"start":{"line":151,"column":0},"end":{"line":151,"column":45}},"151":{"start":{"line":152,"column":0},"end":{"line":152,"column":21}},"152":{"start":{"line":153,"column":0},"end":{"line":153,"column":27}},"153":{"start":{"line":154,"column":0},"end":{"line":154,"column":56}},"154":{"start":{"line":155,"column":0},"end":{"line":155,"column":57}},"155":{"start":{"line":156,"column":0},"end":{"line":156,"column":47}},"156":{"start":{"line":157,"column":0},"end":{"line":157,"column":14}},"157":{"start":{"line":158,"column":0},"end":{"line":158,"column":83}},"158":{"start":{"line":159,"column":0},"end":{"line":159,"column":60}},"159":{"start":{"line":160,"column":0},"end":{"line":160,"column":21}},"160":{"start":{"line":161,"column":0},"end":{"line":161,"column":23}},"161":{"start":{"line":162,"column":0},"end":{"line":162,"column":78}},"162":{"start":{"line":163,"column":0},"end":{"line":163,"column":63}},"163":{"start":{"line":164,"column":0},"end":{"line":164,"column":20}},"164":{"start":{"line":165,"column":0},"end":{"line":165,"column":14}},"165":{"start":{"line":166,"column":0},"end":{"line":166,"column":24}},"166":{"start":{"line":167,"column":0},"end":{"line":167,"column":15}},"167":{"start":{"line":168,"column":0},"end":{"line":168,"column":0}},"168":{"start":{"line":169,"column":0},"end":{"line":169,"column":14}},"169":{"start":{"line":170,"column":0},"end":{"line":170,"column":22}},"170":{"start":{"line":171,"column":0},"end":{"line":171,"column":53}},"171":{"start":{"line":172,"column":0},"end":{"line":172,"column":102}},"172":{"start":{"line":173,"column":0},"end":{"line":173,"column":23}},"173":{"start":{"line":174,"column":0},"end":{"line":174,"column":23}},"174":{"start":{"line":175,"column":0},"end":{"line":175,"column":23}},"175":{"start":{"line":176,"column":0},"end":{"line":176,"column":41}},"176":{"start":{"line":177,"column":0},"end":{"line":177,"column":56}},"177":{"start":{"line":178,"column":0},"end":{"line":178,"column":23}},"178":{"start":{"line":179,"column":0},"end":{"line":179,"column":73}},"179":{"start":{"line":180,"column":0},"end":{"line":180,"column":115}},"180":{"start":{"line":181,"column":0},"end":{"line":181,"column":24}},"181":{"start":{"line":182,"column":0},"end":{"line":182,"column":23}},"182":{"start":{"line":183,"column":0},"end":{"line":183,"column":74}},"183":{"start":{"line":184,"column":0},"end":{"line":184,"column":43}},"184":{"start":{"line":185,"column":0},"end":{"line":185,"column":131}},"185":{"start":{"line":186,"column":0},"end":{"line":186,"column":98}},"186":{"start":{"line":187,"column":0},"end":{"line":187,"column":85}},"187":{"start":{"line":188,"column":0},"end":{"line":188,"column":31}},"188":{"start":{"line":189,"column":0},"end":{"line":189,"column":40}},"189":{"start":{"line":190,"column":0},"end":{"line":190,"column":32}},"190":{"start":{"line":191,"column":0},"end":{"line":191,"column":51}},"191":{"start":{"line":192,"column":0},"end":{"line":192,"column":24}},"192":{"start":{"line":193,"column":0},"end":{"line":193,"column":24}},"193":{"start":{"line":194,"column":0},"end":{"line":194,"column":22}},"194":{"start":{"line":195,"column":0},"end":{"line":195,"column":0}},"195":{"start":{"line":196,"column":0},"end":{"line":196,"column":29}},"196":{"start":{"line":197,"column":0},"end":{"line":197,"column":56}},"197":{"start":{"line":198,"column":0},"end":{"line":198,"column":25}},"198":{"start":{"line":199,"column":0},"end":{"line":199,"column":77}},"199":{"start":{"line":200,"column":0},"end":{"line":200,"column":58}},"200":{"start":{"line":201,"column":0},"end":{"line":201,"column":61}},"201":{"start":{"line":202,"column":0},"end":{"line":202,"column":72}},"202":{"start":{"line":203,"column":0},"end":{"line":203,"column":65}},"203":{"start":{"line":204,"column":0},"end":{"line":204,"column":36}},"204":{"start":{"line":205,"column":0},"end":{"line":205,"column":34}},"205":{"start":{"line":206,"column":0},"end":{"line":206,"column":26}},"206":{"start":{"line":207,"column":0},"end":{"line":207,"column":27}},"207":{"start":{"line":208,"column":0},"end":{"line":208,"column":85}},"208":{"start":{"line":209,"column":0},"end":{"line":209,"column":24}},"209":{"start":{"line":210,"column":0},"end":{"line":210,"column":26}},"210":{"start":{"line":211,"column":0},"end":{"line":211,"column":24}},"211":{"start":{"line":212,"column":0},"end":{"line":212,"column":23}},"212":{"start":{"line":213,"column":0},"end":{"line":213,"column":110}},"213":{"start":{"line":214,"column":0},"end":{"line":214,"column":58}},"214":{"start":{"line":215,"column":0},"end":{"line":215,"column":77}},"215":{"start":{"line":216,"column":0},"end":{"line":216,"column":91}},"216":{"start":{"line":217,"column":0},"end":{"line":217,"column":26}},"217":{"start":{"line":218,"column":0},"end":{"line":218,"column":90}},"218":{"start":{"line":219,"column":0},"end":{"line":219,"column":24}},"219":{"start":{"line":220,"column":0},"end":{"line":220,"column":26}},"220":{"start":{"line":221,"column":0},"end":{"line":221,"column":24}},"221":{"start":{"line":222,"column":0},"end":{"line":222,"column":22}},"222":{"start":{"line":223,"column":0},"end":{"line":223,"column":0}},"223":{"start":{"line":224,"column":0},"end":{"line":224,"column":29}},"224":{"start":{"line":225,"column":0},"end":{"line":225,"column":0}},"225":{"start":{"line":226,"column":0},"end":{"line":226,"column":21}},"226":{"start":{"line":227,"column":0},"end":{"line":227,"column":71}},"227":{"start":{"line":228,"column":0},"end":{"line":228,"column":56}},"228":{"start":{"line":229,"column":0},"end":{"line":229,"column":63}},"229":{"start":{"line":230,"column":0},"end":{"line":230,"column":59}},"230":{"start":{"line":231,"column":0},"end":{"line":231,"column":44}},"231":{"start":{"line":232,"column":0},"end":{"line":232,"column":30}},"232":{"start":{"line":233,"column":0},"end":{"line":233,"column":23}},"233":{"start":{"line":234,"column":0},"end":{"line":234,"column":24}},"234":{"start":{"line":235,"column":0},"end":{"line":235,"column":22}},"235":{"start":{"line":236,"column":0},"end":{"line":236,"column":0}},"236":{"start":{"line":237,"column":0},"end":{"line":237,"column":29}},"237":{"start":{"line":238,"column":0},"end":{"line":238,"column":0}},"238":{"start":{"line":239,"column":0},"end":{"line":239,"column":21}},"239":{"start":{"line":240,"column":0},"end":{"line":240,"column":79}},"240":{"start":{"line":241,"column":0},"end":{"line":241,"column":27}},"241":{"start":{"line":242,"column":0},"end":{"line":242,"column":25}},"242":{"start":{"line":243,"column":0},"end":{"line":243,"column":71}},"243":{"start":{"line":244,"column":0},"end":{"line":244,"column":115}},"244":{"start":{"line":245,"column":0},"end":{"line":245,"column":29}},"245":{"start":{"line":246,"column":0},"end":{"line":246,"column":94}},"246":{"start":{"line":247,"column":0},"end":{"line":247,"column":21}},"247":{"start":{"line":248,"column":0},"end":{"line":248,"column":23}},"248":{"start":{"line":249,"column":0},"end":{"line":249,"column":22}},"249":{"start":{"line":250,"column":0},"end":{"line":250,"column":20}},"250":{"start":{"line":251,"column":0},"end":{"line":251,"column":17}},"251":{"start":{"line":252,"column":0},"end":{"line":252,"column":62}},"252":{"start":{"line":253,"column":0},"end":{"line":253,"column":54}},"253":{"start":{"line":254,"column":0},"end":{"line":254,"column":20}},"254":{"start":{"line":255,"column":0},"end":{"line":255,"column":14}},"255":{"start":{"line":256,"column":0},"end":{"line":256,"column":24}},"256":{"start":{"line":257,"column":0},"end":{"line":257,"column":15}},"257":{"start":{"line":258,"column":0},"end":{"line":258,"column":12}},"258":{"start":{"line":259,"column":0},"end":{"line":259,"column":0}},"259":{"start":{"line":260,"column":0},"end":{"line":260,"column":29}},"260":{"start":{"line":261,"column":0},"end":{"line":261,"column":20}},"261":{"start":{"line":262,"column":0},"end":{"line":262,"column":50}},"262":{"start":{"line":263,"column":0},"end":{"line":263,"column":21}},"263":{"start":{"line":264,"column":0},"end":{"line":264,"column":21}},"264":{"start":{"line":265,"column":0},"end":{"line":265,"column":65}},"265":{"start":{"line":266,"column":0},"end":{"line":266,"column":17}},"266":{"start":{"line":267,"column":0},"end":{"line":267,"column":68}},"267":{"start":{"line":268,"column":0},"end":{"line":268,"column":48}},"268":{"start":{"line":269,"column":0},"end":{"line":269,"column":20}},"269":{"start":{"line":270,"column":0},"end":{"line":270,"column":63}},"270":{"start":{"line":271,"column":0},"end":{"line":271,"column":21}},"271":{"start":{"line":272,"column":0},"end":{"line":272,"column":20}},"272":{"start":{"line":273,"column":0},"end":{"line":273,"column":64}},"273":{"start":{"line":274,"column":0},"end":{"line":274,"column":21}},"274":{"start":{"line":275,"column":0},"end":{"line":275,"column":20}},"275":{"start":{"line":276,"column":0},"end":{"line":276,"column":60}},"276":{"start":{"line":277,"column":0},"end":{"line":277,"column":21}},"277":{"start":{"line":278,"column":0},"end":{"line":278,"column":20}},"278":{"start":{"line":279,"column":0},"end":{"line":279,"column":61}},"279":{"start":{"line":280,"column":0},"end":{"line":280,"column":21}},"280":{"start":{"line":281,"column":0},"end":{"line":281,"column":20}},"281":{"start":{"line":282,"column":0},"end":{"line":282,"column":62}},"282":{"start":{"line":283,"column":0},"end":{"line":283,"column":21}},"283":{"start":{"line":284,"column":0},"end":{"line":284,"column":20}},"284":{"start":{"line":285,"column":0},"end":{"line":285,"column":82}},"285":{"start":{"line":286,"column":0},"end":{"line":286,"column":21}},"286":{"start":{"line":287,"column":0},"end":{"line":287,"column":19}},"287":{"start":{"line":288,"column":0},"end":{"line":288,"column":18}},"288":{"start":{"line":289,"column":0},"end":{"line":289,"column":17}},"289":{"start":{"line":290,"column":0},"end":{"line":290,"column":67}},"290":{"start":{"line":291,"column":0},"end":{"line":291,"column":48}},"291":{"start":{"line":292,"column":0},"end":{"line":292,"column":20}},"292":{"start":{"line":293,"column":0},"end":{"line":293,"column":52}},"293":{"start":{"line":294,"column":0},"end":{"line":294,"column":21}},"294":{"start":{"line":295,"column":0},"end":{"line":295,"column":20}},"295":{"start":{"line":296,"column":0},"end":{"line":296,"column":56}},"296":{"start":{"line":297,"column":0},"end":{"line":297,"column":21}},"297":{"start":{"line":298,"column":0},"end":{"line":298,"column":20}},"298":{"start":{"line":299,"column":0},"end":{"line":299,"column":52}},"299":{"start":{"line":300,"column":0},"end":{"line":300,"column":21}},"300":{"start":{"line":301,"column":0},"end":{"line":301,"column":20}},"301":{"start":{"line":302,"column":0},"end":{"line":302,"column":55}},"302":{"start":{"line":303,"column":0},"end":{"line":303,"column":21}},"303":{"start":{"line":304,"column":0},"end":{"line":304,"column":20}},"304":{"start":{"line":305,"column":0},"end":{"line":305,"column":52}},"305":{"start":{"line":306,"column":0},"end":{"line":306,"column":21}},"306":{"start":{"line":307,"column":0},"end":{"line":307,"column":20}},"307":{"start":{"line":308,"column":0},"end":{"line":308,"column":62}},"308":{"start":{"line":309,"column":0},"end":{"line":309,"column":21}},"309":{"start":{"line":310,"column":0},"end":{"line":310,"column":19}},"310":{"start":{"line":311,"column":0},"end":{"line":311,"column":18}},"311":{"start":{"line":312,"column":0},"end":{"line":312,"column":17}},"312":{"start":{"line":313,"column":0},"end":{"line":313,"column":75}},"313":{"start":{"line":314,"column":0},"end":{"line":314,"column":48}},"314":{"start":{"line":315,"column":0},"end":{"line":315,"column":20}},"315":{"start":{"line":316,"column":0},"end":{"line":316,"column":45}},"316":{"start":{"line":317,"column":0},"end":{"line":317,"column":21}},"317":{"start":{"line":318,"column":0},"end":{"line":318,"column":20}},"318":{"start":{"line":319,"column":0},"end":{"line":319,"column":44}},"319":{"start":{"line":320,"column":0},"end":{"line":320,"column":21}},"320":{"start":{"line":321,"column":0},"end":{"line":321,"column":20}},"321":{"start":{"line":322,"column":0},"end":{"line":322,"column":130}},"322":{"start":{"line":323,"column":0},"end":{"line":323,"column":21}},"323":{"start":{"line":324,"column":0},"end":{"line":324,"column":20}},"324":{"start":{"line":325,"column":0},"end":{"line":325,"column":46}},"325":{"start":{"line":326,"column":0},"end":{"line":326,"column":21}},"326":{"start":{"line":327,"column":0},"end":{"line":327,"column":20}},"327":{"start":{"line":328,"column":0},"end":{"line":328,"column":48}},"328":{"start":{"line":329,"column":0},"end":{"line":329,"column":21}},"329":{"start":{"line":330,"column":0},"end":{"line":330,"column":20}},"330":{"start":{"line":331,"column":0},"end":{"line":331,"column":211}},"331":{"start":{"line":332,"column":0},"end":{"line":332,"column":21}},"332":{"start":{"line":333,"column":0},"end":{"line":333,"column":20}},"333":{"start":{"line":334,"column":0},"end":{"line":334,"column":192}},"334":{"start":{"line":335,"column":0},"end":{"line":335,"column":21}},"335":{"start":{"line":336,"column":0},"end":{"line":336,"column":19}},"336":{"start":{"line":337,"column":0},"end":{"line":337,"column":18}},"337":{"start":{"line":338,"column":0},"end":{"line":338,"column":16}},"338":{"start":{"line":339,"column":0},"end":{"line":339,"column":22}},"339":{"start":{"line":340,"column":0},"end":{"line":340,"column":13}},"340":{"start":{"line":341,"column":0},"end":{"line":341,"column":10}},"341":{"start":{"line":342,"column":0},"end":{"line":342,"column":3}},"342":{"start":{"line":343,"column":0},"end":{"line":343,"column":1}}},"s":{"0":0,"1":0,"2":0,"3":0,"4":0,"5":0,"6":0,"7":0,"8":0,"9":0,"10":0,"11":0,"12":0,"13":0,"14":0,"15":0,"16":0,"17":0,"18":0,"19":0,"20":0,"21":0,"22":0,"23":0,"24":0,"25":0,"26":0,"27":0,"28":0,"29":0,"30":0,"31":0,"32":0,"33":0,"34":0,"35":0,"36":0,"37":0,"38":0,"39":0,"40":0,"41":0,"42":0,"43":0,"44":0,"45":0,"46":0,"47":0,"48":0,"49":0,"50":0,"51":0,"52":0,"53":0,"54":0,"55":0,"56":0,"57":0,"58":0,"59":0,"60":0,"61":0,"62":0,"63":0,"64":0,"65":0,"66":0,"67":0,"68":0,"69":0,"70":0,"71":0,"72":0,"73":0,"74":0,"75":0,"76":0,"77":0,"78":0,"79":0,"80":0,"81":0,"82":0,"83":0,"84":0,"85":0,"86":0,"87":0,"88":0,"89":0,"90":0,"91":0,"92":0,"93":0,"94":0,"95":0,"96":0,"97":0,"98":0,"99":0,"100":0,"101":0,"102":0,"103":0,"104":0,"105":0,"106":0,"107":0,"108":0,"109":0,"110":0,"111":0,"112":0,"113":0,"114":0,"115":0,"116":0,"117":0,"118":0,"119":0,"120":0,"121":0,"122":0,"123":0,"124":0,"125":0,"126":0,"127":0,"128":0,"129":0,"130":0,"131":0,"132":0,"133":0,"134":0,"135":0,"136":0,"137":0,"138":0,"139":0,"140":0,"141":0,"142":0,"143":0,"144":0,"145":0,"146":0,"147":0,"148":0,"149":0,"150":0,"151":0,"152":0,"153":0,"154":0,"155":0,"156":0,"157":0,"158":0,"159":0,"160":0,"161":0,"162":0,"163":0,"164":0,"165":0,"166":0,"167":0,"168":0,"169":0,"170":0,"171":0,"172":0,"173":0,"174":0,"175":0,"176":0,"177":0,"178":0,"179":0,"180":0,"181":0,"182":0,"183":0,"184":0,"185":0,"186":0,"187":0,"188":0,"189":0,"190":0,"191":0,"192":0,"193":0,"194":0,"195":0,"196":0,"197":0,"198":0,"199":0,"200":0,"201":0,"202":0,"203":0,"204":0,"205":0,"206":0,"207":0,"208":0,"209":0,"210":0,"211":0,"212":0,"213":0,"214":0,"215":0,"216":0,"217":0,"218":0,"219":0,"220":0,"221":0,"222":0,"223":0,"224":0,"225":0,"226":0,"227":0,"228":0,"229":0,"230":0,"231":0,"232":0,"233":0,"234":0,"235":0,"236":0,"237":0,"238":0,"239":0,"240":0,"241":0,"242":0,"243":0,"244":0,"245":0,"246":0,"247":0,"248":0,"249":0,"250":0,"251":0,"252":0,"253":0,"254":0,"255":0,"256":0,"257":0,"258":0,"259":0,"260":0,"261":0,"262":0,"263":0,"264":0,"265":0,"266":0,"267":0,"268":0,"269":0,"270":0,"271":0,"272":0,"273":0,"274":0,"275":0,"276":0,"277":0,"278":0,"279":0,"280":0,"281":0,"282":0,"283":0,"284":0,"285":0,"286":0,"287":0,"288":0,"289":0,"290":0,"291":0,"292":0,"293":0,"294":0,"295":0,"296":0,"297":0,"298":0,"299":0,"300":0,"301":0,"302":0,"303":0,"304":0,"305":0,"306":0,"307":0,"308":0,"309":0,"310":0,"311":0,"312":0,"313":0,"314":0,"315":0,"316":0,"317":0,"318":0,"319":0,"320":0,"321":0,"322":0,"323":0,"324":0,"325":0,"326":0,"327":0,"328":0,"329":0,"330":0,"331":0,"332":0,"333":0,"334":0,"335":0,"336":0,"337":0,"338":0,"339":0,"340":0,"341":0,"342":0},"branchMap":{"0":{"type":"branch","line":1,"loc":{"start":{"line":1,"column":0},"end":{"line":343,"column":1}},"locations":[{"start":{"line":1,"column":0},"end":{"line":343,"column":1}}]}},"b":{"0":[0]},"fnMap":{"0":{"name":"(empty-report)","decl":{"start":{"line":1,"column":0},"end":{"line":343,"column":1}},"loc":{"start":{"line":1,"column":0},"end":{"line":343,"column":1}},"line":1}},"f":{"0":0}}
,"C:\\Users\\Dextosterone\\git\\MarsRobotChallenge\\app\\api\\simulate\\route.ts": {"path":"C:\\Users\\Dextosterone\\git\\MarsRobotChallenge\\app\\api\\simulate\\route.ts","all":true,"statementMap":{"0":{"start":{"line":1,"column":0},"end":{"line":1,"column":60}},"1":{"start":{"line":2,"column":0},"end":{"line":2,"column":70}},"2":{"start":{"line":3,"column":0},"end":{"line":3,"column":0}},"3":{"start":{"line":4,"column":0},"end":{"line":4,"column":50}},"4":{"start":{"line":5,"column":0},"end":{"line":5,"column":7}},"5":{"start":{"line":6,"column":0},"end":{"line":6,"column":50}},"6":{"start":{"line":7,"column":0},"end":{"line":7,"column":39}},"7":{"start":{"line":8,"column":0},"end":{"line":8,"column":36}},"8":{"start":{"line":9,"column":0},"end":{"line":9,"column":19}},"9":{"start":{"line":10,"column":0},"end":{"line":10,"column":45}},"10":{"start":{"line":11,"column":0},"end":{"line":11,"column":118}},"11":{"start":{"line":12,"column":0},"end":{"line":12,"column":3}},"12":{"start":{"line":13,"column":0},"end":{"line":13,"column":1}},"13":{"start":{"line":14,"column":0},"end":{"line":14,"column":0}},"14":{"start":{"line":15,"column":0},"end":{"line":15,"column":29}},"15":{"start":{"line":16,"column":0},"end":{"line":16,"column":28}},"16":{"start":{"line":17,"column":0},"end":{"line":17,"column":40}},"17":{"start":{"line":18,"column":0},"end":{"line":18,"column":16}},"18":{"start":{"line":19,"column":0},"end":{"line":19,"column":67}},"19":{"start":{"line":20,"column":0},"end":{"line":20,"column":6}},"20":{"start":{"line":21,"column":0},"end":{"line":21,"column":4}},"21":{"start":{"line":22,"column":0},"end":{"line":22,"column":1}}},"s":{"0":0,"1":0,"2":0,"3":0,"4":0,"5":0,"6":0,"7":0,"8":0,"9":0,"10":0,"11":0,"12":0,"13":0,"14":0,"15":0,"16":0,"17":0,"18":0,"19":0,"20":0,"21":0},"branchMap":{"0":{"type":"branch","line":1,"loc":{"start":{"line":1,"column":0},"end":{"line":22,"column":1}},"locations":[{"start":{"line":1,"column":0},"end":{"line":22,"column":1}}]}},"b":{"0":[0]},"fnMap":{"0":{"name":"(empty-report)","decl":{"start":{"line":1,"column":0},"end":{"line":22,"column":1}},"loc":{"start":{"line":1,"column":0},"end":{"line":22,"column":1}},"line":1}},"f":{"0":0}}
,"C:\\Users\\Dextosterone\\git\\MarsRobotChallenge\\components\\theme-provider.tsx": {"path":"C:\\Users\\Dextosterone\\git\\MarsRobotChallenge\\components\\theme-provider.tsx","all":true,"statementMap":{"0":{"start":{"line":1,"column":0},"end":{"line":1,"column":12}},"1":{"start":{"line":2,"column":0},"end":{"line":2,"column":0}},"2":{"start":{"line":3,"column":0},"end":{"line":3,"column":30}},"3":{"start":{"line":4,"column":0},"end":{"line":4,"column":8}},"4":{"start":{"line":5,"column":0},"end":{"line":5,"column":38}},"5":{"start":{"line":6,"column":0},"end":{"line":6,"column":26}},"6":{"start":{"line":7,"column":0},"end":{"line":7,"column":20}},"7":{"start":{"line":8,"column":0},"end":{"line":8,"column":0}},"8":{"start":{"line":9,"column":0},"end":{"line":9,"column":75}},"9":{"start":{"line":10,"column":0},"end":{"line":10,"column":71}},"10":{"start":{"line":11,"column":0},"end":{"line":11,"column":1}}},"s":{"0":0,"1":0,"2":0,"3":0,"4":0,"5":0,"6":0,"7":0,"8":0,"9":0,"10":0},"branchMap":{"0":{"type":"branch","line":1,"loc":{"start":{"line":1,"column":0},"end":{"line":11,"column":1}},"locations":[{"start":{"line":1,"column":0},"end":{"line":11,"column":1}}]}},"b":{"0":[0]},"fnMap":{"0":{"name":"(empty-report)","decl":{"start":{"line":1,"column":0},"end":{"line":11,"column":1}},"loc":{"start":{"line":1,"column":0},"end":{"line":11,"column":1}},"line":1}},"f":{"0":0}}
,"C:\\Users\\Dextosterone\\git\\MarsRobotChallenge\\components\\ui\\accordion.tsx": {"path":"C:\\Users\\Dextosterone\\git\\MarsRobotChallenge\\components\\ui\\accordion.tsx","all":true,"statementMap":{"0":{"start":{"line":1,"column":0},"end":{"line":1,"column":12}},"1":{"start":{"line":2,"column":0},"end":{"line":2,"column":0}},"2":{"start":{"line":3,"column":0},"end":{"line":3,"column":30}},"3":{"start":{"line":4,"column":0},"end":{"line":4,"column":63}},"4":{"start":{"line":5,"column":0},"end":{"line":5,"column":42}},"5":{"start":{"line":6,"column":0},"end":{"line":6,"column":0}},"6":{"start":{"line":7,"column":0},"end":{"line":7,"column":32}},"7":{"start":{"line":8,"column":0},"end":{"line":8,"column":0}},"8":{"start":{"line":9,"column":0},"end":{"line":9,"column":41}},"9":{"start":{"line":10,"column":0},"end":{"line":10,"column":0}},"10":{"start":{"line":11,"column":0},"end":{"line":11,"column":39}},"11":{"start":{"line":12,"column":0},"end":{"line":12,"column":51}},"12":{"start":{"line":13,"column":0},"end":{"line":13,"column":64}},"13":{"start":{"line":14,"column":0},"end":{"line":14,"column":37}},"14":{"start":{"line":15,"column":0},"end":{"line":15,"column":26}},"15":{"start":{"line":16,"column":0},"end":{"line":16,"column":13}},"16":{"start":{"line":17,"column":0},"end":{"line":17,"column":41}},"17":{"start":{"line":18,"column":0},"end":{"line":18,"column":14}},"18":{"start":{"line":19,"column":0},"end":{"line":19,"column":4}},"19":{"start":{"line":20,"column":0},"end":{"line":20,"column":2}},"20":{"start":{"line":21,"column":0},"end":{"line":21,"column":43}},"21":{"start":{"line":22,"column":0},"end":{"line":22,"column":0}},"22":{"start":{"line":23,"column":0},"end":{"line":23,"column":42}},"23":{"start":{"line":24,"column":0},"end":{"line":24,"column":54}},"24":{"start":{"line":25,"column":0},"end":{"line":25,"column":67}},"25":{"start":{"line":26,"column":0},"end":{"line":26,"column":47}},"26":{"start":{"line":27,"column":0},"end":{"line":27,"column":46}},"27":{"start":{"line":28,"column":0},"end":{"line":28,"column":31}},"28":{"start":{"line":29,"column":0},"end":{"line":29,"column":15}},"29":{"start":{"line":30,"column":0},"end":{"line":30,"column":20}},"30":{"start":{"line":31,"column":0},"end":{"line":31,"column":135}},"31":{"start":{"line":32,"column":0},"end":{"line":32,"column":17}},"32":{"start":{"line":33,"column":0},"end":{"line":33,"column":8}},"33":{"start":{"line":34,"column":0},"end":{"line":34,"column":16}},"34":{"start":{"line":35,"column":0},"end":{"line":35,"column":5}},"35":{"start":{"line":36,"column":0},"end":{"line":36,"column":16}},"36":{"start":{"line":37,"column":0},"end":{"line":37,"column":84}},"37":{"start":{"line":38,"column":0},"end":{"line":38,"column":33}},"38":{"start":{"line":39,"column":0},"end":{"line":39,"column":30}},"39":{"start":{"line":40,"column":0},"end":{"line":40,"column":2}},"40":{"start":{"line":41,"column":0},"end":{"line":41,"column":69}},"41":{"start":{"line":42,"column":0},"end":{"line":42,"column":0}},"42":{"start":{"line":43,"column":0},"end":{"line":43,"column":42}},"43":{"start":{"line":44,"column":0},"end":{"line":44,"column":54}},"44":{"start":{"line":45,"column":0},"end":{"line":45,"column":67}},"45":{"start":{"line":46,"column":0},"end":{"line":46,"column":47}},"46":{"start":{"line":47,"column":0},"end":{"line":47,"column":29}},"47":{"start":{"line":48,"column":0},"end":{"line":48,"column":13}},"48":{"start":{"line":49,"column":0},"end":{"line":49,"column":136}},"49":{"start":{"line":50,"column":0},"end":{"line":50,"column":14}},"50":{"start":{"line":51,"column":0},"end":{"line":51,"column":3}},"51":{"start":{"line":52,"column":0},"end":{"line":52,"column":64}},"52":{"start":{"line":53,"column":0},"end":{"line":53,"column":31}},"53":{"start":{"line":54,"column":0},"end":{"line":54,"column":2}},"54":{"start":{"line":55,"column":0},"end":{"line":55,"column":0}},"55":{"start":{"line":56,"column":0},"end":{"line":56,"column":69}},"56":{"start":{"line":57,"column":0},"end":{"line":57,"column":0}},"57":{"start":{"line":58,"column":0},"end":{"line":58,"column":71}}},"s":{"0":0,"1":0,"2":0,"3":0,"4":0,"5":0,"6":0,"7":0,"8":0,"9":0,"10":0,"11":0,"12":0,"13":0,"14":0,"15":0,"16":0,"17":0,"18":0,"19":0,"20":0,"21":0,"22":0,"23":0,"24":0,"25":0,"26":0,"27":0,"28":0,"29":0,"30":0,"31":0,"32":0,"33":0,"34":0,"35":0,"36":0,"37":0,"38":0,"39":0,"40":0,"41":0,"42":0,"43":0,"44":0,"45":0,"46":0,"47":0,"48":0,"49":0,"50":0,"51":0,"52":0,"53":0,"54":0,"55":0,"56":0,"57":0},"branchMap":{"0":{"type":"branch","line":1,"loc":{"start":{"line":1,"column":0},"end":{"line":58,"column":71}},"locations":[{"start":{"line":1,"column":0},"end":{"line":58,"column":71}}]}},"b":{"0":[0]},"fnMap":{"0":{"name":"(empty-report)","decl":{"start":{"line":1,"column":0},"end":{"line":58,"column":71}},"loc":{"start":{"line":1,"column":0},"end":{"line":58,"column":71}},"line":1}},"f":{"0":0}}
,"C:\\Users\\Dextosterone\\git\\MarsRobotChallenge\\components\\ui\\alert-dialog.tsx": {"path":"C:\\Users\\Dextosterone\\git\\MarsRobotChallenge\\components\\ui\\alert-dialog.tsx","all":true,"statementMap":{"0":{"start":{"line":1,"column":0},"end":{"line":1,"column":12}},"1":{"start":{"line":2,"column":0},"end":{"line":2,"column":0}},"2":{"start":{"line":3,"column":0},"end":{"line":3,"column":30}},"3":{"start":{"line":4,"column":0},"end":{"line":4,"column":68}},"4":{"start":{"line":5,"column":0},"end":{"line":5,"column":0}},"5":{"start":{"line":6,"column":0},"end":{"line":6,"column":32}},"6":{"start":{"line":7,"column":0},"end":{"line":7,"column":55}},"7":{"start":{"line":8,"column":0},"end":{"line":8,"column":0}},"8":{"start":{"line":9,"column":0},"end":{"line":9,"column":45}},"9":{"start":{"line":10,"column":0},"end":{"line":10,"column":0}},"10":{"start":{"line":11,"column":0},"end":{"line":11,"column":55}},"11":{"start":{"line":12,"column":0},"end":{"line":12,"column":0}},"12":{"start":{"line":13,"column":0},"end":{"line":13,"column":53}},"13":{"start":{"line":14,"column":0},"end":{"line":14,"column":0}},"14":{"start":{"line":15,"column":0},"end":{"line":15,"column":44}},"15":{"start":{"line":16,"column":0},"end":{"line":16,"column":56}},"16":{"start":{"line":17,"column":0},"end":{"line":17,"column":69}},"17":{"start":{"line":18,"column":0},"end":{"line":18,"column":37}},"18":{"start":{"line":19,"column":0},"end":{"line":19,"column":31}},"19":{"start":{"line":20,"column":0},"end":{"line":20,"column":18}},"20":{"start":{"line":21,"column":0},"end":{"line":21,"column":160}},"21":{"start":{"line":22,"column":0},"end":{"line":22,"column":15}},"22":{"start":{"line":23,"column":0},"end":{"line":23,"column":6}},"23":{"start":{"line":24,"column":0},"end":{"line":24,"column":14}},"24":{"start":{"line":25,"column":0},"end":{"line":25,"column":13}},"25":{"start":{"line":26,"column":0},"end":{"line":26,"column":4}},"26":{"start":{"line":27,"column":0},"end":{"line":27,"column":2}},"27":{"start":{"line":28,"column":0},"end":{"line":28,"column":73}},"28":{"start":{"line":29,"column":0},"end":{"line":29,"column":0}},"29":{"start":{"line":30,"column":0},"end":{"line":30,"column":44}},"30":{"start":{"line":31,"column":0},"end":{"line":31,"column":56}},"31":{"start":{"line":32,"column":0},"end":{"line":32,"column":69}},"32":{"start":{"line":33,"column":0},"end":{"line":33,"column":37}},"33":{"start":{"line":34,"column":0},"end":{"line":34,"column":21}},"34":{"start":{"line":35,"column":0},"end":{"line":35,"column":26}},"35":{"start":{"line":36,"column":0},"end":{"line":36,"column":33}},"36":{"start":{"line":37,"column":0},"end":{"line":37,"column":15}},"37":{"start":{"line":38,"column":0},"end":{"line":38,"column":20}},"38":{"start":{"line":39,"column":0},"end":{"line":39,"column":518}},"39":{"start":{"line":40,"column":0},"end":{"line":40,"column":17}},"40":{"start":{"line":41,"column":0},"end":{"line":41,"column":8}},"41":{"start":{"line":42,"column":0},"end":{"line":42,"column":16}},"42":{"start":{"line":43,"column":0},"end":{"line":43,"column":6}},"43":{"start":{"line":44,"column":0},"end":{"line":44,"column":22}},"44":{"start":{"line":45,"column":0},"end":{"line":45,"column":2}},"45":{"start":{"line":46,"column":0},"end":{"line":46,"column":73}},"46":{"start":{"line":47,"column":0},"end":{"line":47,"column":0}},"47":{"start":{"line":48,"column":0},"end":{"line":48,"column":28}},"48":{"start":{"line":49,"column":0},"end":{"line":49,"column":12}},"49":{"start":{"line":50,"column":0},"end":{"line":50,"column":10}},"50":{"start":{"line":51,"column":0},"end":{"line":51,"column":45}},"51":{"start":{"line":52,"column":0},"end":{"line":52,"column":6}},"52":{"start":{"line":53,"column":0},"end":{"line":53,"column":18}},"53":{"start":{"line":54,"column":0},"end":{"line":54,"column":57}},"54":{"start":{"line":55,"column":0},"end":{"line":55,"column":15}},"55":{"start":{"line":56,"column":0},"end":{"line":56,"column":6}},"56":{"start":{"line":57,"column":0},"end":{"line":57,"column":14}},"57":{"start":{"line":58,"column":0},"end":{"line":58,"column":4}},"58":{"start":{"line":59,"column":0},"end":{"line":59,"column":1}},"59":{"start":{"line":60,"column":0},"end":{"line":60,"column":51}},"60":{"start":{"line":61,"column":0},"end":{"line":61,"column":0}},"61":{"start":{"line":62,"column":0},"end":{"line":62,"column":28}},"62":{"start":{"line":63,"column":0},"end":{"line":63,"column":12}},"63":{"start":{"line":64,"column":0},"end":{"line":64,"column":10}},"64":{"start":{"line":65,"column":0},"end":{"line":65,"column":45}},"65":{"start":{"line":66,"column":0},"end":{"line":66,"column":6}},"66":{"start":{"line":67,"column":0},"end":{"line":67,"column":18}},"67":{"start":{"line":68,"column":0},"end":{"line":68,"column":70}},"68":{"start":{"line":69,"column":0},"end":{"line":69,"column":15}},"69":{"start":{"line":70,"column":0},"end":{"line":70,"column":6}},"70":{"start":{"line":71,"column":0},"end":{"line":71,"column":14}},"71":{"start":{"line":72,"column":0},"end":{"line":72,"column":4}},"72":{"start":{"line":73,"column":0},"end":{"line":73,"column":1}},"73":{"start":{"line":74,"column":0},"end":{"line":74,"column":51}},"74":{"start":{"line":75,"column":0},"end":{"line":75,"column":0}},"75":{"start":{"line":76,"column":0},"end":{"line":76,"column":42}},"76":{"start":{"line":77,"column":0},"end":{"line":77,"column":54}},"77":{"start":{"line":78,"column":0},"end":{"line":78,"column":67}},"78":{"start":{"line":79,"column":0},"end":{"line":79,"column":37}},"79":{"start":{"line":80,"column":0},"end":{"line":80,"column":29}},"80":{"start":{"line":81,"column":0},"end":{"line":81,"column":13}},"81":{"start":{"line":82,"column":0},"end":{"line":82,"column":54}},"82":{"start":{"line":83,"column":0},"end":{"line":83,"column":14}},"83":{"start":{"line":84,"column":0},"end":{"line":84,"column":4}},"84":{"start":{"line":85,"column":0},"end":{"line":85,"column":2}},"85":{"start":{"line":86,"column":0},"end":{"line":86,"column":69}},"86":{"start":{"line":87,"column":0},"end":{"line":87,"column":0}},"87":{"start":{"line":88,"column":0},"end":{"line":88,"column":48}},"88":{"start":{"line":89,"column":0},"end":{"line":89,"column":60}},"89":{"start":{"line":90,"column":0},"end":{"line":90,"column":73}},"90":{"start":{"line":91,"column":0},"end":{"line":91,"column":37}},"91":{"start":{"line":92,"column":0},"end":{"line":92,"column":35}},"92":{"start":{"line":93,"column":0},"end":{"line":93,"column":13}},"93":{"start":{"line":94,"column":0},"end":{"line":94,"column":62}},"94":{"start":{"line":95,"column":0},"end":{"line":95,"column":14}},"95":{"start":{"line":96,"column":0},"end":{"line":96,"column":4}},"96":{"start":{"line":97,"column":0},"end":{"line":97,"column":2}},"97":{"start":{"line":98,"column":0},"end":{"line":98,"column":36}},"98":{"start":{"line":99,"column":0},"end":{"line":99,"column":46}},"99":{"start":{"line":100,"column":0},"end":{"line":100,"column":0}},"100":{"start":{"line":101,"column":0},"end":{"line":101,"column":43}},"101":{"start":{"line":102,"column":0},"end":{"line":102,"column":55}},"102":{"start":{"line":103,"column":0},"end":{"line":103,"column":68}},"103":{"start":{"line":104,"column":0},"end":{"line":104,"column":37}},"104":{"start":{"line":105,"column":0},"end":{"line":105,"column":30}},"105":{"start":{"line":106,"column":0},"end":{"line":106,"column":13}},"106":{"start":{"line":107,"column":0},"end":{"line":107,"column":47}},"107":{"start":{"line":108,"column":0},"end":{"line":108,"column":14}},"108":{"start":{"line":109,"column":0},"end":{"line":109,"column":4}},"109":{"start":{"line":110,"column":0},"end":{"line":110,"column":2}},"110":{"start":{"line":111,"column":0},"end":{"line":111,"column":71}},"111":{"start":{"line":112,"column":0},"end":{"line":112,"column":0}},"112":{"start":{"line":113,"column":0},"end":{"line":113,"column":43}},"113":{"start":{"line":114,"column":0},"end":{"line":114,"column":55}},"114":{"start":{"line":115,"column":0},"end":{"line":115,"column":68}},"115":{"start":{"line":116,"column":0},"end":{"line":116,"column":37}},"116":{"start":{"line":117,"column":0},"end":{"line":117,"column":30}},"117":{"start":{"line":118,"column":0},"end":{"line":118,"column":13}},"118":{"start":{"line":119,"column":0},"end":{"line":119,"column":18}},"119":{"start":{"line":120,"column":0},"end":{"line":120,"column":45}},"120":{"start":{"line":121,"column":0},"end":{"line":121,"column":21}},"121":{"start":{"line":122,"column":0},"end":{"line":122,"column":15}},"122":{"start":{"line":123,"column":0},"end":{"line":123,"column":6}},"123":{"start":{"line":124,"column":0},"end":{"line":124,"column":14}},"124":{"start":{"line":125,"column":0},"end":{"line":125,"column":4}},"125":{"start":{"line":126,"column":0},"end":{"line":126,"column":2}},"126":{"start":{"line":127,"column":0},"end":{"line":127,"column":71}},"127":{"start":{"line":128,"column":0},"end":{"line":128,"column":0}},"128":{"start":{"line":129,"column":0},"end":{"line":129,"column":8}},"129":{"start":{"line":130,"column":0},"end":{"line":130,"column":14}},"130":{"start":{"line":131,"column":0},"end":{"line":131,"column":20}},"131":{"start":{"line":132,"column":0},"end":{"line":132,"column":21}},"132":{"start":{"line":133,"column":0},"end":{"line":133,"column":21}},"133":{"start":{"line":134,"column":0},"end":{"line":134,"column":21}},"134":{"start":{"line":135,"column":0},"end":{"line":135,"column":20}},"135":{"start":{"line":136,"column":0},"end":{"line":136,"column":20}},"136":{"start":{"line":137,"column":0},"end":{"line":137,"column":19}},"137":{"start":{"line":138,"column":0},"end":{"line":138,"column":25}},"138":{"start":{"line":139,"column":0},"end":{"line":139,"column":20}},"139":{"start":{"line":140,"column":0},"end":{"line":140,"column":20}},"140":{"start":{"line":141,"column":0},"end":{"line":141,"column":1}}},"s":{"0":0,"1":0,"2":0,"3":0,"4":0,"5":0,"6":0,"7":0,"8":0,"9":0,"10":0,"11":0,"12":0,"13":0,"14":0,"15":0,"16":0,"17":0,"18":0,"19":0,"20":0,"21":0,"22":0,"23":0,"24":0,"25":0,"26":0,"27":0,"28":0,"29":0,"30":0,"31":0,"32":0,"33":0,"34":0,"35":0,"36":0,"37":0,"38":0,"39":0,"40":0,"41":0,"42":0,"43":0,"44":0,"45":0,"46":0,"47":0,"48":0,"49":0,"50":0,"51":0,"52":0,"53":0,"54":0,"55":0,"56":0,"57":0,"58":0,"59":0,"60":0,"61":0,"62":0,"63":0,"64":0,"65":0,"66":0,"67":0,"68":0,"69":0,"70":0,"71":0,"72":0,"73":0,"74":0,"75":0,"76":0,"77":0,"78":0,"79":0,"80":0,"81":0,"82":0,"83":0,"84":0,"85":0,"86":0,"87":0,"88":0,"89":0,"90":0,"91":0,"92":0,"93":0,"94":0,"95":0,"96":0,"97":0,"98":0,"99":0,"100":0,"101":0,"102":0,"103":0,"104":0,"105":0,"106":0,"107":0,"108":0,"109":0,"110":0,"111":0,"112":0,"113":0,"114":0,"115":0,"116":0,"117":0,"118":0,"119":0,"120":0,"121":0,"122":0,"123":0,"124":0,"125":0,"126":0,"127":0,"128":0,"129":0,"130":0,"131":0,"132":0,"133":0,"134":0,"135":0,"136":0,"137":0,"138":0,"139":0,"140":0},"branchMap":{"0":{"type":"branch","line":1,"loc":{"start":{"line":1,"column":0},"end":{"line":141,"column":1}},"locations":[{"start":{"line":1,"column":0},"end":{"line":141,"column":1}}]}},"b":{"0":[0]},"fnMap":{"0":{"name":"(empty-report)","decl":{"start":{"line":1,"column":0},"end":{"line":141,"column":1}},"loc":{"start":{"line":1,"column":0},"end":{"line":141,"column":1}},"line":1}},"f":{"0":0}}
,"C:\\Users\\Dextosterone\\git\\MarsRobotChallenge\\components\\ui\\alert.tsx": {"path":"C:\\Users\\Dextosterone\\git\\MarsRobotChallenge\\components\\ui\\alert.tsx","all":true,"statementMap":{"0":{"start":{"line":1,"column":0},"end":{"line":1,"column":30}},"1":{"start":{"line":2,"column":0},"end":{"line":2,"column":65}},"2":{"start":{"line":3,"column":0},"end":{"line":3,"column":0}},"3":{"start":{"line":4,"column":0},"end":{"line":4,"column":32}},"4":{"start":{"line":5,"column":0},"end":{"line":5,"column":0}},"5":{"start":{"line":6,"column":0},"end":{"line":6,"column":26}},"6":{"start":{"line":7,"column":0},"end":{"line":7,"column":158}},"7":{"start":{"line":8,"column":0},"end":{"line":8,"column":3}},"8":{"start":{"line":9,"column":0},"end":{"line":9,"column":15}},"9":{"start":{"line":10,"column":0},"end":{"line":10,"column":16}},"10":{"start":{"line":11,"column":0},"end":{"line":11,"column":49}},"11":{"start":{"line":12,"column":0},"end":{"line":12,"column":20}},"12":{"start":{"line":13,"column":0},"end":{"line":13,"column":100}},"13":{"start":{"line":14,"column":0},"end":{"line":14,"column":8}},"14":{"start":{"line":15,"column":0},"end":{"line":15,"column":6}},"15":{"start":{"line":16,"column":0},"end":{"line":16,"column":22}},"16":{"start":{"line":17,"column":0},"end":{"line":17,"column":25}},"17":{"start":{"line":18,"column":0},"end":{"line":18,"column":6}},"18":{"start":{"line":19,"column":0},"end":{"line":19,"column":3}},"19":{"start":{"line":20,"column":0},"end":{"line":20,"column":1}},"20":{"start":{"line":21,"column":0},"end":{"line":21,"column":0}},"21":{"start":{"line":22,"column":0},"end":{"line":22,"column":31}},"22":{"start":{"line":23,"column":0},"end":{"line":23,"column":17}},"23":{"start":{"line":24,"column":0},"end":{"line":24,"column":75}},"24":{"start":{"line":25,"column":0},"end":{"line":25,"column":46}},"25":{"start":{"line":26,"column":0},"end":{"line":26,"column":6}},"26":{"start":{"line":27,"column":0},"end":{"line":27,"column":13}},"27":{"start":{"line":28,"column":0},"end":{"line":28,"column":16}},"28":{"start":{"line":29,"column":0},"end":{"line":29,"column":57}},"29":{"start":{"line":30,"column":0},"end":{"line":30,"column":14}},"30":{"start":{"line":31,"column":0},"end":{"line":31,"column":4}},"31":{"start":{"line":32,"column":0},"end":{"line":32,"column":2}},"32":{"start":{"line":33,"column":0},"end":{"line":33,"column":27}},"33":{"start":{"line":34,"column":0},"end":{"line":34,"column":0}},"34":{"start":{"line":35,"column":0},"end":{"line":35,"column":36}},"35":{"start":{"line":36,"column":0},"end":{"line":36,"column":23}},"36":{"start":{"line":37,"column":0},"end":{"line":37,"column":42}},"37":{"start":{"line":38,"column":0},"end":{"line":38,"column":37}},"38":{"start":{"line":39,"column":0},"end":{"line":39,"column":5}},"39":{"start":{"line":40,"column":0},"end":{"line":40,"column":13}},"40":{"start":{"line":41,"column":0},"end":{"line":41,"column":77}},"41":{"start":{"line":42,"column":0},"end":{"line":42,"column":14}},"42":{"start":{"line":43,"column":0},"end":{"line":43,"column":4}},"43":{"start":{"line":44,"column":0},"end":{"line":44,"column":2}},"44":{"start":{"line":45,"column":0},"end":{"line":45,"column":37}},"45":{"start":{"line":46,"column":0},"end":{"line":46,"column":0}},"46":{"start":{"line":47,"column":0},"end":{"line":47,"column":42}},"47":{"start":{"line":48,"column":0},"end":{"line":48,"column":23}},"48":{"start":{"line":49,"column":0},"end":{"line":49,"column":44}},"49":{"start":{"line":50,"column":0},"end":{"line":50,"column":37}},"50":{"start":{"line":51,"column":0},"end":{"line":51,"column":6}},"51":{"start":{"line":52,"column":0},"end":{"line":52,"column":13}},"52":{"start":{"line":53,"column":0},"end":{"line":53,"column":62}},"53":{"start":{"line":54,"column":0},"end":{"line":54,"column":14}},"54":{"start":{"line":55,"column":0},"end":{"line":55,"column":4}},"55":{"start":{"line":56,"column":0},"end":{"line":56,"column":2}},"56":{"start":{"line":57,"column":0},"end":{"line":57,"column":49}},"57":{"start":{"line":58,"column":0},"end":{"line":58,"column":0}},"58":{"start":{"line":59,"column":0},"end":{"line":59,"column":46}}},"s":{"0":0,"1":0,"2":0,"3":0,"4":0,"5":0,"6":0,"7":0,"8":0,"9":0,"10":0,"11":0,"12":0,"13":0,"14":0,"15":0,"16":0,"17":0,"18":0,"19":0,"20":0,"21":0,"22":0,"23":0,"24":0,"25":0,"26":0,"27":0,"28":0,"29":0,"30":0,"31":0,"32":0,"33":0,"34":0,"35":0,"36":0,"37":0,"38":0,"39":0,"40":0,"41":0,"42":0,"43":0,"44":0,"45":0,"46":0,"47":0,"48":0,"49":0,"50":0,"51":0,"52":0,"53":0,"54":0,"55":0,"56":0,"57":0,"58":0},"branchMap":{"0":{"type":"branch","line":1,"loc":{"start":{"line":1,"column":0},"end":{"line":59,"column":46}},"locations":[{"start":{"line":1,"column":0},"end":{"line":59,"column":46}}]}},"b":{"0":[0]},"fnMap":{"0":{"name":"(empty-report)","decl":{"start":{"line":1,"column":0},"end":{"line":59,"column":46}},"loc":{"start":{"line":1,"column":0},"end":{"line":59,"column":46}},"line":1}},"f":{"0":0}}
,"C:\\Users\\Dextosterone\\git\\MarsRobotChallenge\\components\\ui\\aspect-ratio.tsx": {"path":"C:\\Users\\Dextosterone\\git\\MarsRobotChallenge\\components\\ui\\aspect-ratio.tsx","all":true,"statementMap":{"0":{"start":{"line":1,"column":0},"end":{"line":1,"column":12}},"2":{"start":{"line":3,"column":0},"end":{"line":3,"column":68}},"4":{"start":{"line":5,"column":0},"end":{"line":5,"column":45}}},"s":{"0":0,"2":0,"4":0},"branchMap":{"0":{"type":"branch","line":1,"loc":{"start":{"line":1,"column":153},"end":{"line":7,"column":22}},"locations":[{"start":{"line":1,"column":153},"end":{"line":7,"column":22}}]}},"b":{"0":[0]},"fnMap":{"0":{"name":"(empty-report)","decl":{"start":{"line":1,"column":153},"end":{"line":7,"column":22}},"loc":{"start":{"line":1,"column":153},"end":{"line":7,"column":22}},"line":1}},"f":{"0":0}}
,"C:\\Users\\Dextosterone\\git\\MarsRobotChallenge\\components\\ui\\avatar.tsx": {"path":"C:\\Users\\Dextosterone\\git\\MarsRobotChallenge\\components\\ui\\avatar.tsx","all":true,"statementMap":{"0":{"start":{"line":1,"column":0},"end":{"line":1,"column":12}},"1":{"start":{"line":2,"column":0},"end":{"line":2,"column":0}},"2":{"start":{"line":3,"column":0},"end":{"line":3,"column":30}},"3":{"start":{"line":4,"column":0},"end":{"line":4,"column":57}},"4":{"start":{"line":5,"column":0},"end":{"line":5,"column":0}},"5":{"start":{"line":6,"column":0},"end":{"line":6,"column":32}},"6":{"start":{"line":7,"column":0},"end":{"line":7,"column":0}},"7":{"start":{"line":8,"column":0},"end":{"line":8,"column":32}},"8":{"start":{"line":9,"column":0},"end":{"line":9,"column":48}},"9":{"start":{"line":10,"column":0},"end":{"line":10,"column":61}},"10":{"start":{"line":11,"column":0},"end":{"line":11,"column":37}},"11":{"start":{"line":12,"column":0},"end":{"line":12,"column":23}},"12":{"start":{"line":13,"column":0},"end":{"line":13,"column":13}},"13":{"start":{"line":14,"column":0},"end":{"line":14,"column":18}},"14":{"start":{"line":15,"column":0},"end":{"line":15,"column":70}},"15":{"start":{"line":16,"column":0},"end":{"line":16,"column":15}},"16":{"start":{"line":17,"column":0},"end":{"line":17,"column":6}},"17":{"start":{"line":18,"column":0},"end":{"line":18,"column":14}},"18":{"start":{"line":19,"column":0},"end":{"line":19,"column":4}},"19":{"start":{"line":20,"column":0},"end":{"line":20,"column":2}},"20":{"start":{"line":21,"column":0},"end":{"line":21,"column":53}},"21":{"start":{"line":22,"column":0},"end":{"line":22,"column":0}},"22":{"start":{"line":23,"column":0},"end":{"line":23,"column":37}},"23":{"start":{"line":24,"column":0},"end":{"line":24,"column":49}},"24":{"start":{"line":25,"column":0},"end":{"line":25,"column":62}},"25":{"start":{"line":26,"column":0},"end":{"line":26,"column":37}},"26":{"start":{"line":27,"column":0},"end":{"line":27,"column":24}},"27":{"start":{"line":28,"column":0},"end":{"line":28,"column":13}},"28":{"start":{"line":29,"column":0},"end":{"line":29,"column":60}},"29":{"start":{"line":30,"column":0},"end":{"line":30,"column":14}},"30":{"start":{"line":31,"column":0},"end":{"line":31,"column":4}},"31":{"start":{"line":32,"column":0},"end":{"line":32,"column":2}},"32":{"start":{"line":33,"column":0},"end":{"line":33,"column":59}},"33":{"start":{"line":34,"column":0},"end":{"line":34,"column":0}},"34":{"start":{"line":35,"column":0},"end":{"line":35,"column":40}},"35":{"start":{"line":36,"column":0},"end":{"line":36,"column":52}},"36":{"start":{"line":37,"column":0},"end":{"line":37,"column":65}},"37":{"start":{"line":38,"column":0},"end":{"line":38,"column":37}},"38":{"start":{"line":39,"column":0},"end":{"line":39,"column":27}},"39":{"start":{"line":40,"column":0},"end":{"line":40,"column":13}},"40":{"start":{"line":41,"column":0},"end":{"line":41,"column":18}},"41":{"start":{"line":42,"column":0},"end":{"line":42,"column":77}},"42":{"start":{"line":43,"column":0},"end":{"line":43,"column":15}},"43":{"start":{"line":44,"column":0},"end":{"line":44,"column":6}},"44":{"start":{"line":45,"column":0},"end":{"line":45,"column":14}},"45":{"start":{"line":46,"column":0},"end":{"line":46,"column":4}},"46":{"start":{"line":47,"column":0},"end":{"line":47,"column":2}},"47":{"start":{"line":48,"column":0},"end":{"line":48,"column":65}},"48":{"start":{"line":49,"column":0},"end":{"line":49,"column":0}},"49":{"start":{"line":50,"column":0},"end":{"line":50,"column":46}}},"s":{"0":0,"1":0,"2":0,"3":0,"4":0,"5":0,"6":0,"7":0,"8":0,"9":0,"10":0,"11":0,"12":0,"13":0,"14":0,"15":0,"16":0,"17":0,"18":0,"19":0,"20":0,"21":0,"22":0,"23":0,"24":0,"25":0,"26":0,"27":0,"28":0,"29":0,"30":0,"31":0,"32":0,"33":0,"34":0,"35":0,"36":0,"37":0,"38":0,"39":0,"40":0,"41":0,"42":0,"43":0,"44":0,"45":0,"46":0,"47":0,"48":0,"49":0},"branchMap":{"0":{"type":"branch","line":1,"loc":{"start":{"line":1,"column":0},"end":{"line":50,"column":46}},"locations":[{"start":{"line":1,"column":0},"end":{"line":50,"column":46}}]}},"b":{"0":[0]},"fnMap":{"0":{"name":"(empty-report)","decl":{"start":{"line":1,"column":0},"end":{"line":50,"column":46}},"loc":{"start":{"line":1,"column":0},"end":{"line":50,"column":46}},"line":1}},"f":{"0":0}}
,"C:\\Users\\Dextosterone\\git\\MarsRobotChallenge\\components\\ui\\badge.tsx": {"path":"C:\\Users\\Dextosterone\\git\\MarsRobotChallenge\\components\\ui\\badge.tsx","all":true,"statementMap":{"0":{"start":{"line":1,"column":0},"end":{"line":1,"column":30}},"1":{"start":{"line":2,"column":0},"end":{"line":2,"column":65}},"2":{"start":{"line":3,"column":0},"end":{"line":3,"column":0}},"3":{"start":{"line":4,"column":0},"end":{"line":4,"column":32}},"4":{"start":{"line":5,"column":0},"end":{"line":5,"column":0}},"5":{"start":{"line":6,"column":0},"end":{"line":6,"column":26}},"6":{"start":{"line":7,"column":0},"end":{"line":7,"column":171}},"7":{"start":{"line":8,"column":0},"end":{"line":8,"column":3}},"8":{"start":{"line":9,"column":0},"end":{"line":9,"column":15}},"9":{"start":{"line":10,"column":0},"end":{"line":10,"column":16}},"10":{"start":{"line":11,"column":0},"end":{"line":11,"column":16}},"11":{"start":{"line":12,"column":0},"end":{"line":12,"column":86}},"12":{"start":{"line":13,"column":0},"end":{"line":13,"column":18}},"13":{"start":{"line":14,"column":0},"end":{"line":14,"column":92}},"14":{"start":{"line":15,"column":0},"end":{"line":15,"column":20}},"15":{"start":{"line":16,"column":0},"end":{"line":16,"column":98}},"16":{"start":{"line":17,"column":0},"end":{"line":17,"column":35}},"17":{"start":{"line":18,"column":0},"end":{"line":18,"column":8}},"18":{"start":{"line":19,"column":0},"end":{"line":19,"column":6}},"19":{"start":{"line":20,"column":0},"end":{"line":20,"column":22}},"20":{"start":{"line":21,"column":0},"end":{"line":21,"column":25}},"21":{"start":{"line":22,"column":0},"end":{"line":22,"column":6}},"22":{"start":{"line":23,"column":0},"end":{"line":23,"column":3}},"23":{"start":{"line":24,"column":0},"end":{"line":24,"column":1}},"24":{"start":{"line":25,"column":0},"end":{"line":25,"column":0}},"25":{"start":{"line":26,"column":0},"end":{"line":26,"column":27}},"26":{"start":{"line":27,"column":0},"end":{"line":27,"column":47}},"27":{"start":{"line":28,"column":0},"end":{"line":28,"column":41}},"28":{"start":{"line":29,"column":0},"end":{"line":29,"column":0}},"29":{"start":{"line":30,"column":0},"end":{"line":30,"column":62}},"30":{"start":{"line":31,"column":0},"end":{"line":31,"column":10}},"31":{"start":{"line":32,"column":0},"end":{"line":32,"column":76}},"32":{"start":{"line":33,"column":0},"end":{"line":33,"column":3}},"33":{"start":{"line":34,"column":0},"end":{"line":34,"column":1}},"34":{"start":{"line":35,"column":0},"end":{"line":35,"column":0}},"35":{"start":{"line":36,"column":0},"end":{"line":36,"column":31}}},"s":{"0":0,"1":0,"2":0,"3":0,"4":0,"5":0,"6":0,"7":0,"8":0,"9":0,"10":0,"11":0,"12":0,"13":0,"14":0,"15":0,"16":0,"17":0,"18":0,"19":0,"20":0,"21":0,"22":0,"23":0,"24":0,"25":0,"26":0,"27":0,"28":0,"29":0,"30":0,"31":0,"32":0,"33":0,"34":0,"35":0},"branchMap":{"0":{"type":"branch","line":1,"loc":{"start":{"line":1,"column":0},"end":{"line":36,"column":31}},"locations":[{"start":{"line":1,"column":0},"end":{"line":36,"column":31}}]}},"b":{"0":[0]},"fnMap":{"0":{"name":"(empty-report)","decl":{"start":{"line":1,"column":0},"end":{"line":36,"column":31}},"loc":{"start":{"line":1,"column":0},"end":{"line":36,"column":31}},"line":1}},"f":{"0":0}}
,"C:\\Users\\Dextosterone\\git\\MarsRobotChallenge\\components\\ui\\breadcrumb.tsx": {"path":"C:\\Users\\Dextosterone\\git\\MarsRobotChallenge\\components\\ui\\breadcrumb.tsx","all":true,"statementMap":{"0":{"start":{"line":1,"column":0},"end":{"line":1,"column":30}},"1":{"start":{"line":2,"column":0},"end":{"line":2,"column":43}},"2":{"start":{"line":3,"column":0},"end":{"line":3,"column":59}},"3":{"start":{"line":4,"column":0},"end":{"line":4,"column":0}},"4":{"start":{"line":5,"column":0},"end":{"line":5,"column":32}},"5":{"start":{"line":6,"column":0},"end":{"line":6,"column":0}},"6":{"start":{"line":7,"column":0},"end":{"line":7,"column":36}},"7":{"start":{"line":8,"column":0},"end":{"line":8,"column":14}},"8":{"start":{"line":9,"column":0},"end":{"line":9,"column":43}},"9":{"start":{"line":10,"column":0},"end":{"line":10,"column":31}},"10":{"start":{"line":11,"column":0},"end":{"line":11,"column":3}},"11":{"start":{"line":12,"column":0},"end":{"line":12,"column":78}},"12":{"start":{"line":13,"column":0},"end":{"line":13,"column":37}},"13":{"start":{"line":14,"column":0},"end":{"line":14,"column":0}},"14":{"start":{"line":15,"column":0},"end":{"line":15,"column":40}},"15":{"start":{"line":16,"column":0},"end":{"line":16,"column":19}},"16":{"start":{"line":17,"column":0},"end":{"line":17,"column":38}},"17":{"start":{"line":18,"column":0},"end":{"line":18,"column":37}},"18":{"start":{"line":19,"column":0},"end":{"line":19,"column":5}},"19":{"start":{"line":20,"column":0},"end":{"line":20,"column":13}},"20":{"start":{"line":21,"column":0},"end":{"line":21,"column":18}},"21":{"start":{"line":22,"column":0},"end":{"line":22,"column":97}},"22":{"start":{"line":23,"column":0},"end":{"line":23,"column":15}},"23":{"start":{"line":24,"column":0},"end":{"line":24,"column":6}},"24":{"start":{"line":25,"column":0},"end":{"line":25,"column":14}},"25":{"start":{"line":26,"column":0},"end":{"line":26,"column":4}},"26":{"start":{"line":27,"column":0},"end":{"line":27,"column":2}},"27":{"start":{"line":28,"column":0},"end":{"line":28,"column":45}},"28":{"start":{"line":29,"column":0},"end":{"line":29,"column":0}},"29":{"start":{"line":30,"column":0},"end":{"line":30,"column":40}},"30":{"start":{"line":31,"column":0},"end":{"line":31,"column":16}},"31":{"start":{"line":32,"column":0},"end":{"line":32,"column":38}},"32":{"start":{"line":33,"column":0},"end":{"line":33,"column":37}},"33":{"start":{"line":34,"column":0},"end":{"line":34,"column":5}},"34":{"start":{"line":35,"column":0},"end":{"line":35,"column":13}},"35":{"start":{"line":36,"column":0},"end":{"line":36,"column":65}},"36":{"start":{"line":37,"column":0},"end":{"line":37,"column":14}},"37":{"start":{"line":38,"column":0},"end":{"line":38,"column":4}},"38":{"start":{"line":39,"column":0},"end":{"line":39,"column":2}},"39":{"start":{"line":40,"column":0},"end":{"line":40,"column":45}},"40":{"start":{"line":41,"column":0},"end":{"line":41,"column":0}},"41":{"start":{"line":42,"column":0},"end":{"line":42,"column":40}},"42":{"start":{"line":43,"column":0},"end":{"line":43,"column":20}},"43":{"start":{"line":44,"column":0},"end":{"line":44,"column":41}},"44":{"start":{"line":45,"column":0},"end":{"line":45,"column":21}},"45":{"start":{"line":46,"column":0},"end":{"line":46,"column":3}},"46":{"start":{"line":47,"column":0},"end":{"line":47,"column":46}},"47":{"start":{"line":48,"column":0},"end":{"line":48,"column":35}},"48":{"start":{"line":49,"column":0},"end":{"line":49,"column":0}},"49":{"start":{"line":50,"column":0},"end":{"line":50,"column":10}},"50":{"start":{"line":51,"column":0},"end":{"line":51,"column":9}},"51":{"start":{"line":52,"column":0},"end":{"line":52,"column":15}},"52":{"start":{"line":53,"column":0},"end":{"line":53,"column":74}},"53":{"start":{"line":54,"column":0},"end":{"line":54,"column":16}},"54":{"start":{"line":55,"column":0},"end":{"line":55,"column":6}},"55":{"start":{"line":56,"column":0},"end":{"line":56,"column":3}},"56":{"start":{"line":57,"column":0},"end":{"line":57,"column":2}},"57":{"start":{"line":58,"column":0},"end":{"line":58,"column":45}},"58":{"start":{"line":59,"column":0},"end":{"line":59,"column":0}},"59":{"start":{"line":60,"column":0},"end":{"line":60,"column":40}},"60":{"start":{"line":61,"column":0},"end":{"line":61,"column":18}},"61":{"start":{"line":62,"column":0},"end":{"line":62,"column":40}},"62":{"start":{"line":63,"column":0},"end":{"line":63,"column":37}},"63":{"start":{"line":64,"column":0},"end":{"line":64,"column":7}},"64":{"start":{"line":65,"column":0},"end":{"line":65,"column":13}},"65":{"start":{"line":66,"column":0},"end":{"line":66,"column":15}},"66":{"start":{"line":67,"column":0},"end":{"line":67,"column":24}},"67":{"start":{"line":68,"column":0},"end":{"line":68,"column":23}},"68":{"start":{"line":69,"column":0},"end":{"line":69,"column":60}},"69":{"start":{"line":70,"column":0},"end":{"line":70,"column":14}},"70":{"start":{"line":71,"column":0},"end":{"line":71,"column":4}},"71":{"start":{"line":72,"column":0},"end":{"line":72,"column":2}},"72":{"start":{"line":73,"column":0},"end":{"line":73,"column":45}},"73":{"start":{"line":74,"column":0},"end":{"line":74,"column":0}},"74":{"start":{"line":75,"column":0},"end":{"line":75,"column":30}},"75":{"start":{"line":76,"column":0},"end":{"line":76,"column":11}},"76":{"start":{"line":77,"column":0},"end":{"line":77,"column":12}},"77":{"start":{"line":78,"column":0},"end":{"line":78,"column":10}},"78":{"start":{"line":79,"column":0},"end":{"line":79,"column":35}},"79":{"start":{"line":80,"column":0},"end":{"line":80,"column":5}},"80":{"start":{"line":81,"column":0},"end":{"line":81,"column":23}},"81":{"start":{"line":82,"column":0},"end":{"line":82,"column":22}},"82":{"start":{"line":83,"column":0},"end":{"line":83,"column":60}},"83":{"start":{"line":84,"column":0},"end":{"line":84,"column":14}},"84":{"start":{"line":85,"column":0},"end":{"line":85,"column":3}},"85":{"start":{"line":86,"column":0},"end":{"line":86,"column":34}},"86":{"start":{"line":87,"column":0},"end":{"line":87,"column":7}},"87":{"start":{"line":88,"column":0},"end":{"line":88,"column":1}},"88":{"start":{"line":89,"column":0},"end":{"line":89,"column":55}},"89":{"start":{"line":90,"column":0},"end":{"line":90,"column":0}},"90":{"start":{"line":91,"colu
[...]
:5,"column":119}},"5":{"start":{"line":6,"column":0},"end":{"line":6,"column":20}},"6":{"start":{"line":7,"column":0},"end":{"line":7,"column":18}},"7":{"start":{"line":8,"column":0},"end":{"line":8,"column":0}},"8":{"start":{"line":9,"column":0},"end":{"line":9,"column":24}},"9":{"start":{"line":10,"column":0},"end":{"line":10,"column":59}},"10":{"start":{"line":11,"column":0},"end":{"line":11,"column":0}},"11":{"start":{"line":12,"column":0},"end":{"line":12,"column":45}},"12":{"start":{"line":13,"column":0},"end":{"line":13,"column":0}},"13":{"start":{"line":14,"column":0},"end":{"line":14,"column":61}},"14":{"start":{"line":15,"column":0},"end":{"line":15,"column":61}},"15":{"start":{"line":16,"column":0},"end":{"line":16,"column":18}},"16":{"start":{"line":17,"column":0},"end":{"line":17,"column":0}},"17":{"start":{"line":18,"column":0},"end":{"line":18,"column":48}},"18":{"start":{"line":19,"column":0},"end":{"line":19,"column":25}},"19":{"start":{"line":20,"column":0},"end":{"line":20,"column":11}},"20":{"start":{"line":21,"column":0},"end":{"line":21,"column":39}},"21":{"start":{"line":22,"column":0},"end":{"line":22,"column":44}},"22":{"start":{"line":23,"column":0},"end":{"line":23,"column":0}},"23":{"start":{"line":24,"column":0},"end":{"line":24,"column":67}},"24":{"start":{"line":25,"column":0},"end":{"line":25,"column":40}},"25":{"start":{"line":26,"column":0},"end":{"line":26,"column":19}},"26":{"start":{"line":27,"column":0},"end":{"line":27,"column":67}},"27":{"start":{"line":28,"column":0},"end":{"line":28,"column":54}},"28":{"start":{"line":29,"column":0},"end":{"line":29,"column":7}},"29":{"start":{"line":30,"column":0},"end":{"line":30,"column":7}},"30":{"start":{"line":31,"column":0},"end":{"line":31,"column":10}},"31":{"start":{"line":32,"column":0},"end":{"line":32,"column":63}},"32":{"start":{"line":33,"column":0},"end":{"line":33,"column":52}},"33":{"start":{"line":34,"column":0},"end":{"line":34,"column":3}},"34":{"start":{"line":35,"column":0},"end":{"line":35,"column":3}}},"s":{"0":1,"1":1,"2":1,"3":1,"4":1,"5":1,"6":1,"7":1,"8":1,"9":1,"10":1,"11":1,"12":1,"13":1,"14":3,"15":2,"16":2,"17":2,"18":2,"19":2,"20":2,"21":2,"22":2,"23":2,"24":2,"25":2,"26":1,"27":1,"28":1,"29":2,"30":3,"31":1,"32":1,"33":1,"34":1},"branchMap":{"0":{"type":"branch","line":14,"loc":{"start":{"line":14,"column":40},"end":{"line":35,"column":2}},"locations":[{"start":{"line":14,"column":40},"end":{"line":35,"column":2}}]},"1":{"type":"branch","line":15,"loc":{"start":{"line":15,"column":28},"end":{"line":15,"column":58}},"locations":[{"start":{"line":15,"column":28},"end":{"line":15,"column":58}}]},"2":{"type":"branch","line":15,"loc":{"start":{"line":15,"column":60},"end":{"line":31,"column":3}},"locations":[{"start":{"line":15,"column":60},"end":{"line":31,"column":3}}]},"3":{"type":"branch","line":31,"loc":{"start":{"line":31,"column":3},"end":{"line":34,"column":3}},"locations":[{"start":{"line":31,"column":3},"end":{"line":34,"column":3}}]},"4":{"type":"branch","line":18,"loc":{"start":{"line":18,"column":19},"end":{"line":18,"column":46}},"locations":[{"start":{"line":18,"column":19},"end":{"line":18,"column":46}}]},"5":{"type":"branch","line":19,"loc":{"start":{"line":19,"column":18},"end":{"line":30,"column":5}},"locations":[{"start":{"line":19,"column":18},"end":{"line":30,"column":5}}]},"6":{"type":"branch","line":26,"loc":{"start":{"line":26,"column":8},"end":{"line":29,"column":7}},"locations":[{"start":{"line":26,"column":8},"end":{"line":29,"column":7}}]}},"b":{"0":[3],"1":[2],"2":[2],"3":[1],"4":[2],"5":[2],"6":[1]},"fnMap":{},"f":{}}
,"C:\\Users\\Dextosterone\\git\\MarsRobotChallenge\\scripts\\marsRobotApiStartServer.js": {"path":"C:\\Users\\Dextosterone\\git\\MarsRobotChallenge\\scripts\\marsRobotApiStartServer.js","all":true,"statementMap":{"0":{"start":{"line":1,"column":0},"end":{"line":1,"column":19}},"1":{"start":{"line":2,"column":0},"end":{"line":2,"column":0}},"2":{"start":{"line":3,"column":0},"end":{"line":3,"column":49}},"3":{"start":{"line":4,"column":0},"end":{"line":4,"column":26}},"4":{"start":{"line":5,"column":0},"end":{"line":5,"column":0}},"5":{"start":{"line":6,"column":0},"end":{"line":6,"column":27}},"6":{"start":{"line":7,"column":0},"end":{"line":7,"column":90}},"7":{"start":{"line":8,"column":0},"end":{"line":8,"column":80}},"8":{"start":{"line":9,"column":0},"end":{"line":9,"column":176}},"9":{"start":{"line":10,"column":0},"end":{"line":10,"column":175}},"10":{"start":{"line":11,"column":0},"end":{"line":11,"column":3}}},"s":{"0":0,"1":0,"2":0,"3":0,"4":0,"5":0,"6":0,"7":0,"8":0,"9":0,"10":0},"branchMap":{"0":{"type":"branch","line":1,"loc":{"start":{"line":1,"column":23},"end":{"line":11,"column":-253}},"locations":[{"start":{"line":1,"column":23},"end":{"line":11,"column":-253}}]}},"b":{"0":[0]},"fnMap":{"0":{"name":"(empty-report)","decl":{"start":{"line":1,"column":23},"end":{"line":11,"column":-253}},"loc":{"start":{"line":1,"column":23},"end":{"line":11,"column":-253}},"line":1}},"f":{"0":0}}
,"C:\\Users\\Dextosterone\\git\\MarsRobotChallenge\\scripts\\marsRobotCLI.js": {"path":"C:\\Users\\Dextosterone\\git\\MarsRobotChallenge\\scripts\\marsRobotCLI.js","all":true,"statementMap":{"0":{"start":{"line":1,"column":0},"end":{"line":1,"column":19}},"1":{"start":{"line":2,"column":0},"end":{"line":2,"column":36}},"2":{"start":{"line":3,"column":0},"end":{"line":3,"column":32}},"3":{"start":{"line":4,"column":0},"end":{"line":4,"column":48}},"4":{"start":{"line":5,"column":0},"end":{"line":5,"column":0}},"5":{"start":{"line":6,"column":0},"end":{"line":6,"column":77}},"6":{"start":{"line":7,"column":0},"end":{"line":7,"column":23}},"7":{"start":{"line":8,"column":0},"end":{"line":8,"column":1}}},"s":{"0":0,"1":0,"2":0,"3":0,"4":0,"5":0,"6":0,"7":0},"branchMap":{"0":{"type":"branch","line":1,"loc":{"start":{"line":1,"column":21},"end":{"line":8,"column":-108}},"locations":[{"start":{"line":1,"column":21},"end":{"line":8,"column":-108}}]}},"b":{"0":[0]},"fnMap":{"0":{"name":"(empty-report)","decl":{"start":{"line":1,"column":21},"end":{"line":8,"column":-108}},"loc":{"start":{"line":1,"column":21},"end":{"line":8,"column":-108}},"line":1}},"f":{"0":0}}
,"C:\\Users\\Dextosterone\\git\\MarsRobotChallenge\\scripts\\marsRobotCLILogic.js": {"path":"C:\\Users\\Dextosterone\\git\\MarsRobotChallenge\\scripts\\marsRobotCLILogic.js","all":false,"statementMap":{"0":{"start":{"line":1,"column":0},"end":{"line":1,"column":29}},"1":{"start":{"line":2,"column":0},"end":{"line":2,"column":26}},"2":{"start":{"line":3,"column":0},"end":{"line":3,"column":59}},"3":{"start":{"line":4,"column":0},"end":{"line":4,"column":39}},"4":{"start":{"line":5,"column":0},"end":{"line":5,"column":47}},"5":{"start":{"line":6,"column":0},"end":{"line":6,"column":39}},"6":{"start":{"line":7,"column":0},"end":{"line":7,"column":0}},"7":{"start":{"line":8,"column":0},"end":{"line":8,"column":36}},"8":{"start":{"line":9,"column":0},"end":{"line":9,"column":16}},"9":{"start":{"line":10,"column":0},"end":{"line":10,"column":26}},"10":{"start":{"line":11,"column":0},"end":{"line":11,"column":22}},"11":{"start":{"line":12,"column":0},"end":{"line":12,"column":9}},"12":{"start":{"line":13,"column":0},"end":{"line":13,"column":17}},"13":{"start":{"line":14,"column":0},"end":{"line":14,"column":29}},"14":{"start":{"line":15,"column":0},"end":{"line":15,"column":38}},"15":{"start":{"line":16,"column":0},"end":{"line":16,"column":0}},"16":{"start":{"line":17,"column":0},"end":{"line":17,"column":35}},"17":{"start":{"line":18,"column":0},"end":{"line":18,"column":82}},"18":{"start":{"line":19,"column":0},"end":{"line":19,"column":0}},"19":{"start":{"line":20,"column":0},"end":{"line":20,"column":32}},"20":{"start":{"line":21,"column":0},"end":{"line":21,"column":41}},"21":{"start":{"line":22,"column":0},"end":{"line":22,"column":0}},"22":{"start":{"line":23,"column":0},"end":{"line":23,"column":31}},"23":{"start":{"line":24,"column":0},"end":{"line":24,"column":36}},"24":{"start":{"line":25,"column":0},"end":{"line":25,"column":31}},"25":{"start":{"line":26,"column":0},"end":{"line":26,"column":2}},"26":{"start":{"line":27,"column":0},"end":{"line":27,"column":0}},"27":{"start":{"line":28,"column":0},"end":{"line":28,"column":29}},"28":{"start":{"line":29,"column":0},"end":{"line":29,"column":0}},"29":{"start":{"line":30,"column":0},"end":{"line":30,"column":76}},"30":{"start":{"line":31,"column":0},"end":{"line":31,"column":29}},"31":{"start":{"line":32,"column":0},"end":{"line":32,"column":12}},"32":{"start":{"line":33,"column":0},"end":{"line":33,"column":11}},"33":{"start":{"line":34,"column":0},"end":{"line":34,"column":3}},"34":{"start":{"line":35,"column":0},"end":{"line":35,"column":0}},"35":{"start":{"line":36,"column":0},"end":{"line":36,"column":58}},"36":{"start":{"line":37,"column":0},"end":{"line":37,"column":71}},"37":{"start":{"line":38,"column":0},"end":{"line":38,"column":12}},"38":{"start":{"line":39,"column":0},"end":{"line":39,"column":11}},"39":{"start":{"line":40,"column":0},"end":{"line":40,"column":3}},"40":{"start":{"line":41,"column":0},"end":{"line":41,"column":0}},"41":{"start":{"line":42,"column":0},"end":{"line":42,"column":26}},"42":{"start":{"line":43,"column":0},"end":{"line":43,"column":99}},"43":{"start":{"line":44,"column":0},"end":{"line":44,"column":29}},"44":{"start":{"line":45,"column":0},"end":{"line":45,"column":12}},"45":{"start":{"line":46,"column":0},"end":{"line":46,"column":11}},"46":{"start":{"line":47,"column":0},"end":{"line":47,"column":3}},"47":{"start":{"line":48,"column":0},"end":{"line":48,"column":0}},"48":{"start":{"line":49,"column":0},"end":{"line":49,"column":39}},"49":{"start":{"line":50,"column":0},"end":{"line":50,"column":0}},"50":{"start":{"line":51,"column":0},"end":{"line":51,"column":7}},"51":{"start":{"line":52,"column":0},"end":{"line":52,"column":65}},"52":{"start":{"line":53,"column":0},"end":{"line":53,"column":40}},"53":{"start":{"line":54,"column":0},"end":{"line":54,"column":0}},"54":{"start":{"line":55,"column":0},"end":{"line":55,"column":40}},"55":{"start":{"line":56,"column":0},"end":{"line":56,"column":74}},"56":{"start":{"line":57,"column":0},"end":{"line":57,"column":0}},"57":{"start":{"line":58,"column":0},"end":{"line":58,"column":74}},"58":{"start":{"line":59,"column":0},"end":{"line":59,"column":88}},"59":{"start":{"line":60,"column":0},"end":{"line":60,"column":15}},"60":{"start":{"line":61,"column":0},"end":{"line":61,"column":56}},"61":{"start":{"line":62,"column":0},"end":{"line":62,"column":12}},"62":{"start":{"line":63,"column":0},"end":{"line":63,"column":3}},"63":{"start":{"line":64,"column":0},"end":{"line":64,"column":1}}},"s":{"0":1,"1":1,"2":1,"3":1,"4":1,"5":1,"6":1,"7":1,"8":5,"9":5,"10":5,"11":5,"12":5,"13":5,"14":5,"15":5,"16":5,"17":5,"18":5,"19":5,"20":5,"21":5,"22":5,"23":5,"24":5,"25":5,"26":5,"27":5,"28":5,"29":5,"30":1,"31":1,"32":1,"33":1,"34":4,"35":5,"36":1,"37":1,"38":1,"39":1,"40":3,"41":5,"42":1,"43":1,"44":1,"45":1,"46":1,"47":2,"48":2,"49":2,"50":2,"51":2,"52":2,"53":2,"54":2,"55":2,"56":2,"57":2,"58":1,"59":1,"60":1,"61":1,"62":1,"63":5},"branchMap":{"0":{"type":"branch","line":8,"loc":{"start":{"line":8,"column":7},"end":{"line":64,"column":1}},"locations":[{"start":{"line":8,"column":7},"end":{"line":64,"column":1}}]},"1":{"type":"branch","line":30,"loc":{"start":{"line":30,"column":24},"end":{"line":30,"column":50}},"locations":[{"start":{"line":30,"column":24},"end":{"line":30,"column":50}}]},"2":{"type":"branch","line":30,"loc":{"start":{"line":30,"column":51},"end":{"line":30,"column":73}},"locations":[{"start":{"line":30,"column":51},"end":{"line":30,"column":73}}]},"3":{"type":"branch","line":30,"loc":{"start":{"line":30,"column":75},"end":{"line":34,"column":3}},"locations":[{"start":{"line":30,"column":75},"end":{"line":34,"column":3}}]},"4":{"type":"branch","line":34,"loc":{"start":{"line":34,"column":2},"end":{"line":36,"column":33}},"locations":[{"start":{"line":34,"column":2},"end":{"line":36,"column":33}}]},"5":{"type":"branch","line":36,"loc":{"start":{"line":36,"column":33},"end":{"line":36,"column":55}},"locations":[{"start":{"line":36,"column":33},"end":{"line":36,"column":55}}]},"6":{"type":"branch","line":36,"loc":{"start":{"line":36,"column":57},"end":{"line":40,"column":3}},"locations":[{"start":{"line":36,"column":57},"end":{"line":40,"column":3}}]},"7":{"type":"branch","line":40,"loc":{"start":{"line":40,"column":2},"end":{"line":42,"column":25}},"locations":[{"start":{"line":40,"column":2},"end":{"line":42,"column":25}}]},"8":{"type":"branch","line":42,"loc":{"start":{"line":42,"column":25},"end":{"line":47,"column":3}},"locations":[{"start":{"line":42,"column":25},"end":{"line":47,"column":3}}]},"9":{"type":"branch","line":47,"loc":{"start":{"line":47,"column":2},"end":{"line":58,"column":74}},"locations":[{"start":{"line":47,"column":2},"end":{"line":58,"column":74}}]},"10":{"type":"branch","line":59,"loc":{"start":{"line":59,"column":-2},"end":{"line":63,"column":3}},"locations":[{"start":{"line":59,"column":-2},"end":{"line":63,"column":3}}]}},"b":{"0":[5],"1":[4],"2":[4],"3":[1],"4":[4],"5":[3],"6":[1],"7":[3],"8":[1],"9":[2],"10":[1]},"fnMap":{"0":{"name":"runCli","decl":{"start":{"line":8,"column":7},"end":{"line":64,"column":1}},"loc":{"start":{"line":8,"column":7},"end":{"line":64,"column":1}},"line":8}},"f":{"0":5}}
,"C:\\Users\\Dextosterone\\git\\MarsRobotChallenge\\scripts\\Archive\\marsRobot previous version.js": {"path":"C:\\Users\\Dextosterone\\git\\MarsRobotChallenge\\scripts\\Archive\\marsRobot previous version.js","all":true,"statementMap":{"0":{"start":{"line":1,"column":0},"end":{"line":1,"column":19}},"1":{"start":{"line":2,"column":0},"end":{"line":2,"column":0}},"2":{"start":{"line":3,"column":0},"end":{"line":3,"column":29}},"3":{"start":{"line":4,"column":0},"end":{"line":4,"column":36}},"4":{"start":{"line":5,"column":0},"end":{"line":5,"column":32}},"5":{"start":{"line":6,"column":0},"end":{"line":6,"column":0}},"6":{"start":{"line":7,"column":0},"end":{"line":7,"column":62}},"7":{"start":{"line":8,"column":0},"end":{"line":8,"column":26}},"8":{"start":{"line":9,"column":0},"end":{"line":9,"column":39}},"9":{"start":{"line":10,"column":0},"end":{"line":10,"column":47}},"10":{"start":{"line":11,"column":0},"end":{"line":11,"column":42}},"11":{"start":{"line":12,"column":0},"end":{"line":12,"column":0}},"12":{"start":{"line":13,"column":0},"end":{"line":13,"column":17}},"13":{"start":{"line":14,"column":0},"end":{"line":14,"column":29}},"14":{"start":{"line":15,"column":0},"end":{"line":15,"column":38}},"15":{"start":{"line":16,"column":0},"end":{"line":16,"column":0}},"16":{"start":{"line":17,"column":0},"end":{"line":17,"column":35}},"17":{"start":{"line":18,"column":0},"end":{"line":18,"column":82}},"18":{"start":{"line":19,"column":0},"end":{"line":19,"column":0}},"19":{"start":{"line":20,"column":0},"end":{"line":20,"column":32}},"20":{"start":{"line":21,"column":0},"end":{"line":21,"column":41}},"21":{"start":{"line":22,"column":0},"end":{"line":22,"column":0}},"22":{"start":{"line":23,"column":0},"end":{"line":23,"column":31}},"23":{"start":{"line":24,"column":0},"end":{"line":24,"column":36}},"24":{"start":{"line":25,"column":0},"end":{"line":25,"column":31}},"25":{"start":{"line":26,"column":0},"end":{"line":26,"column":2}},"26":{"start":{"line":27,"column":0},"end":{"line":27,"column":0}},"27":{"start":{"line":28,"column":0},"end":{"line":28,"column":0}},"28":{"start":{"line":29,"column":0},"end":{"line":29,"column":23}},"29":{"start":{"line":30,"column":0},"end":{"line":30,"column":0}},"30":{"start":{"line":31,"column":0},"end":{"line":31,"column":19}},"31":{"start":{"line":32,"column":0},"end":{"line":32,"column":0}},"32":{"start":{"line":33,"column":0},"end":{"line":33,"column":37}},"33":{"start":{"line":34,"column":0},"end":{"line":34,"column":0}},"34":{"start":{"line":35,"column":0},"end":{"line":35,"column":55}},"35":{"start":{"line":36,"column":0},"end":{"line":36,"column":76}},"36":{"start":{"line":37,"column":0},"end":{"line":37,"column":23}},"37":{"start":{"line":38,"column":0},"end":{"line":38,"column":99}},"38":{"start":{"line":39,"column":0},"end":{"line":39,"column":3}},"39":{"start":{"line":40,"column":0},"end":{"line":40,"column":0}},"40":{"start":{"line":41,"column":0},"end":{"line":41,"column":58}},"41":{"start":{"line":42,"column":0},"end":{"line":42,"column":65}},"42":{"start":{"line":43,"column":0},"end":{"line":43,"column":20}},"43":{"start":{"line":44,"column":0},"end":{"line":44,"column":3}},"44":{"start":{"line":45,"column":0},"end":{"line":45,"column":0}},"45":{"start":{"line":46,"column":0},"end":{"line":46,"column":26}},"46":{"start":{"line":47,"column":0},"end":{"line":47,"column":109}},"47":{"start":{"line":48,"column":0},"end":{"line":48,"column":93}},"48":{"start":{"line":49,"column":0},"end":{"line":49,"column":23}},"49":{"start":{"line":50,"column":0},"end":{"line":50,"column":20}},"50":{"start":{"line":51,"column":0},"end":{"line":51,"column":3}},"51":{"start":{"line":52,"column":0},"end":{"line":52,"column":0}},"52":{"start":{"line":53,"column":0},"end":{"line":53,"column":30}},"53":{"start":{"line":54,"column":0},"end":{"line":54,"column":39}},"54":{"start":{"line":55,"column":0},"end":{"line":55,"column":0}},"55":{"start":{"line":56,"column":0},"end":{"line":56,"column":7}},"56":{"start":{"line":57,"column":0},"end":{"line":57,"column":59}},"57":{"start":{"line":58,"column":0},"end":{"line":58,"column":69}},"58":{"start":{"line":59,"column":0},"end":{"line":59,"column":40}},"59":{"start":{"line":60,"column":0},"end":{"line":60,"column":0}},"60":{"start":{"line":61,"column":0},"end":{"line":61,"column":37}},"61":{"start":{"line":62,"column":0},"end":{"line":62,"column":40}},"62":{"start":{"line":63,"column":0},"end":{"line":63,"column":68}},"63":{"start":{"line":64,"column":0},"end":{"line":64,"column":0}},"64":{"start":{"line":65,"column":0},"end":{"line":65,"column":20}},"65":{"start":{"line":66,"column":0},"end":{"line":66,"column":0}},"66":{"start":{"line":67,"column":0},"end":{"line":67,"column":68}},"67":{"start":{"line":68,"column":0},"end":{"line":68,"column":82}},"68":{"start":{"line":69,"column":0},"end":{"line":69,"column":0}},"69":{"start":{"line":70,"column":0},"end":{"line":70,"column":21}},"70":{"start":{"line":71,"column":0},"end":{"line":71,"column":15}},"71":{"start":{"line":72,"column":0},"end":{"line":72,"column":50}},"72":{"start":{"line":73,"column":0},"end":{"line":73,"column":20}},"73":{"start":{"line":74,"column":0},"end":{"line":74,"column":3}},"74":{"start":{"line":75,"column":0},"end":{"line":75,"column":16}},"75":{"start":{"line":76,"column":0},"end":{"line":76,"column":1}},"76":{"start":{"line":77,"column":0},"end":{"line":77,"column":0}},"77":{"start":{"line":78,"column":0},"end":{"line":78,"column":77}},"78":{"start":{"line":79,"column":0},"end":{"line":79,"column":9}},"79":{"start":{"line":80,"column":0},"end":{"line":80,"column":1}}},"s":{"0":0,"1":0,"2":0,"3":0,"4":0,"5":0,"6":0,"7":0,"8":0,"9":0,"10":0,"11":0,"12":0,"13":0,"14":0,"15":0,"16":0,"17":0,"18":0,"19":0,"20":0,"21":0,"22":0,"23":0,"24":0,"25":0,"26":0,"27":0,"28":0,"29":0,"30":0,"31":0,"32":0,"33":0,"34":0,"35":0,"36":0,"37":0,"38":0,"39":0,"40":0,"41":0,"42":0,"43":0,"44":0,"45":0,"46":0,"47":0,"48":0,"49":0,"50":0,"51":0,"52":0,"53":0,"54":0,"55":0,"56":0,"57":0,"58":0,"59":0,"60":0,"61":0,"62":0,"63":0,"64":0,"65":0,"66":0,"67":0,"68":0,"69":0,"70":0,"71":0,"72":0,"73":0,"74":0,"75":0,"76":0,"77":0,"78":0,"79":0},"branchMap":{"0":{"type":"branch","line":1,"loc":{"start":{"line":1,"column":0},"end":{"line":80,"column":1}},"locations":[{"start":{"line":1,"column":0},"end":{"line":80,"column":1}}]}},"b":{"0":[0]},"fnMap":{"0":{"name":"(empty-report)","decl":{"start":{"line":1,"column":0},"end":{"line":80,"column":1}},"loc":{"start":{"line":1,"column":0},"end":{"line":80,"column":1}},"line":1}},"f":{"0":0}}
}
